#
# There is insufficient memory for the Java Runtime Environment to continue.
# Native memory allocation (malloc) failed to allocate 875616 bytes for Chunk::new
# Possible reasons:
#   The system is out of physical RAM or swap space
#   The process is running with CompressedOops enabled, and the Java Heap may be blocking the growth of the native heap
# Possible solutions:
#   Reduce memory load on the system
#   Increase physical memory or swap space
#   Check if swap backing store is full
#   Decrease Java heap size (-Xmx/-Xms)
#   Decrease number of Java threads
#   Decrease Java thread stack sizes (-Xss)
#   Set larger code cache with -XX:ReservedCodeCacheSize=
#   JVM is running with Unscaled Compressed Oops mode in which the Java heap is
#     placed in the first 4GB address space. The Java Heap base address is the
#     maximum limit for the native heap growth. Please use -XX:HeapBaseMinAddress
#     to set the Java Heap base and to place the Java Heap above 4GB virtual address.
# This output file may be truncated or incomplete.
#
#  Out of Memory Error (./src/hotspot/share/memory/arena.cpp:197), pid=110576, tid=9092
#
# JRE version: OpenJDK Runtime Environment (11.0.12+7) (build 11.0.12+7-b1504.28-7817840)
# Java VM: OpenJDK 64-Bit Server VM (11.0.12+7-b1504.28-7817840, mixed mode, tiered, compressed oops, g1 gc, windows-amd64)
# No core dump will be written. Minidumps are not enabled by default on client versions of Windows
#

---------------  S U M M A R Y ------------

Command Line: --add-opens=java.base/java.util=ALL-UNNAMED --add-opens=java.base/java.lang=ALL-UNNAMED --add-opens=java.base/java.lang.invoke=ALL-UNNAMED --add-opens=java.base/java.util=ALL-UNNAMED --add-opens=java.prefs/java.util.prefs=ALL-UNNAMED --add-opens=java.prefs/java.util.prefs=ALL-UNNAMED --add-opens=java.base/java.nio.charset=ALL-UNNAMED --add-opens=java.base/java.net=ALL-UNNAMED --add-opens=java.base/java.util.concurrent.atomic=ALL-UNNAMED -Xmx2048m -Dfile.encoding=UTF-8 -Duser.country=BR -Duser.language=pt -Duser.variant org.gradle.launcher.daemon.bootstrap.GradleDaemon 7.3.3

Host: Intel(R) Core(TM) i5-10210U CPU @ 1.60GHz, 8 cores, 19G,  Windows 10 , 64 bit Build 19041 (10.0.19041.1566)
Time: Thu Jul 14 09:40:38 2022 Hora oficial do Brasil elapsed time: 11.584649 seconds (0d 0h 0m 11s)

---------------  T H R E A D  ---------------

Current thread (0x0000012f36a5e000):  JavaThread "C2 CompilerThread1" daemon [_thread_in_native, id=9092, stack(0x0000001c20500000,0x0000001c20600000)]


Current CompileTask:
C2:  11584 5490       4       org.objectweb.asm.Frame::execute (2318 bytes)

Stack: [0x0000001c20500000,0x0000001c20600000]
Native frames: (J=compiled Java code, j=interpreted, Vv=VM code, C=native code)
V  [jvm.dll+0x5fbcea]
V  [jvm.dll+0x731905]
V  [jvm.dll+0x732f1d]
V  [jvm.dll+0x7335d3]
V  [jvm.dll+0x247bf8]
V  [jvm.dll+0xc018c]
V  [jvm.dll+0xc06cc]
V  [jvm.dll+0x2bcc04]
V  [jvm.dll+0x5113a8]
V  [jvm.dll+0x201d61]
V  [jvm.dll+0x1ff71f]
V  [jvm.dll+0x18868c]
V  [jvm.dll+0x20e0d7]
V  [jvm.dll+0x20c901]
V  [jvm.dll+0x6f9b7f]
V  [jvm.dll+0x6f26a5]
V  [jvm.dll+0x5fabf6]
C  [ucrtbase.dll+0x21bb2]
C  [KERNEL32.dll+0x17034]
C  [ntdll.dll+0x52651]


---------------  P R O C E S S  ---------------

Threads class SMR info:
_java_thread_list=0x0000012f347758c0, length=122, elements={
0x0000012f14532800, 0x0000012f2e9e5800, 0x0000012f2e9eb000, 0x0000012f2f2b8800,
0x0000012f2f2ba000, 0x0000012f2f2be000, 0x0000012f2f2ca000, 0x0000012f2f2ce800,
0x0000012f2f2d1800, 0x0000012f2f429000, 0x0000012f31690800, 0x0000012f2f7d5800,
0x0000012f31362000, 0x0000012f304cc000, 0x0000012f30ece800, 0x0000012f318fa800,
0x0000012f31583800, 0x0000012f30c6d800, 0x0000012f30ea9000, 0x0000012f31b6b800,
0x0000012f31b6c800, 0x0000012f31b6e000, 0x0000012f31b6f800, 0x0000012f31b6f000,
0x0000012f31b6a000, 0x0000012f31b6d000, 0x0000012f31b70800, 0x0000012f31b6a800,
0x0000012f31cc4000, 0x0000012f31cc0000, 0x0000012f31cc1000, 0x0000012f31cc5000,
0x0000012f31cca800, 0x0000012f31cc7800, 0x0000012f31cc6800, 0x0000012f31cc8800,
0x0000012f31cc6000, 0x0000012f31ccc800, 0x0000012f31ccd000, 0x0000012f31cce000,
0x0000012f31cc9000, 0x0000012f32758800, 0x0000012f32755000, 0x0000012f32752800,
0x0000012f32759000, 0x0000012f32753800, 0x0000012f32757000, 0x0000012f32754800,
0x0000012f32756000, 0x0000012f32757800, 0x0000012f3700d800, 0x0000012f3700c000,
0x0000012f3700e800, 0x0000012f3700f000, 0x0000012f37010000, 0x0000012f3700a800,
0x0000012f3700d000, 0x0000012f37011000, 0x0000012f3700b000, 0x0000012f37011800,
0x0000012f37014000, 0x0000012f37017800, 0x0000012f37018000, 0x0000012f37016800,
0x0000012f37013800, 0x0000012f37012800, 0x0000012f37015000, 0x0000012f37015800,
0x0000012f37019000, 0x0000012f354dc000, 0x0000012f354d9800, 0x0000012f354dd000,
0x0000012f354dd800, 0x0000012f354e0000, 0x0000012f354de800, 0x0000012f354da800,
0x0000012f354df000, 0x0000012f354e1000, 0x0000012f354db000, 0x0000012f354e6000,
0x0000012f354e6800, 0x0000012f354e7800, 0x0000012f354e4000, 0x0000012f354e1800,
0x0000012f354e8000, 0x0000012f354e2800, 0x0000012f354e5000, 0x0000012f354e3800,
0x0000012f3269b800, 0x0000012f3269c800, 0x0000012f3269b000, 0x0000012f326a3000,
0x0000012f326a1800, 0x0000012f326a0800, 0x0000012f3269d800, 0x0000012f326a2000,
0x0000012f326a4000, 0x0000012f3269e000, 0x0000012f326a4800, 0x0000012f3269f800,
0x0000012f3269f000, 0x0000012f326a6000, 0x0000012f326a8000, 0x0000012f326a5800,
0x0000012f326a9800, 0x0000012f326a7000, 0x0000012f326a8800, 0x0000012f36a56800,
0x0000012f36a59000, 0x0000012f36a57800, 0x0000012f36a53000, 0x0000012f36a55800,
0x0000012f36a58000, 0x0000012f36a59800, 0x0000012f36a54000, 0x0000012f36a5a800,
0x0000012f36a55000, 0x0000012f36a5c000, 0x0000012f36a5d000, 0x0000012f36a60800,
0x0000012f36a61000, 0x0000012f36a5e000
}

Java Threads: ( => current thread )
  0x0000012f14532800 JavaThread "main" [_thread_blocked, id=59332, stack(0x0000001c1d200000,0x0000001c1d300000)]
  0x0000012f2e9e5800 JavaThread "Reference Handler" daemon [_thread_blocked, id=112312, stack(0x0000001c1d900000,0x0000001c1da00000)]
  0x0000012f2e9eb000 JavaThread "Finalizer" daemon [_thread_blocked, id=88348, stack(0x0000001c1da00000,0x0000001c1db00000)]
  0x0000012f2f2b8800 JavaThread "Signal Dispatcher" daemon [_thread_blocked, id=107584, stack(0x0000001c1db00000,0x0000001c1dc00000)]
  0x0000012f2f2ba000 JavaThread "Attach Listener" daemon [_thread_blocked, id=65000, stack(0x0000001c1dc00000,0x0000001c1dd00000)]
  0x0000012f2f2be000 JavaThread "Service Thread" daemon [_thread_blocked, id=84740, stack(0x0000001c1dd00000,0x0000001c1de00000)]
  0x0000012f2f2ca000 JavaThread "C2 CompilerThread0" daemon [_thread_blocked, id=25688, stack(0x0000001c1de00000,0x0000001c1df00000)]
  0x0000012f2f2ce800 JavaThread "C1 CompilerThread0" daemon [_thread_blocked, id=84908, stack(0x0000001c1df00000,0x0000001c1e000000)]
  0x0000012f2f2d1800 JavaThread "Sweeper thread" daemon [_thread_blocked, id=91984, stack(0x0000001c1e000000,0x0000001c1e100000)]
  0x0000012f2f429000 JavaThread "Common-Cleaner" daemon [_thread_blocked, id=48800, stack(0x0000001c1e100000,0x0000001c1e200000)]
  0x0000012f31690800 JavaThread "Daemon health stats" [_thread_blocked, id=75740, stack(0x0000001c1eb00000,0x0000001c1ec00000)]
  0x0000012f2f7d5800 JavaThread "Incoming local TCP Connector on port 59578" [_thread_in_native, id=74136, stack(0x0000001c1e300000,0x0000001c1e400000)]
  0x0000012f31362000 JavaThread "Daemon periodic checks" [_thread_blocked, id=70364, stack(0x0000001c1ea00000,0x0000001c1eb00000)]
  0x0000012f304cc000 JavaThread "Daemon" [_thread_blocked, id=22404, stack(0x0000001c1ec00000,0x0000001c1ed00000)]
  0x0000012f30ece800 JavaThread "Handler for socket connection from /127.0.0.1:59578 to /127.0.0.1:59579" [_thread_in_native, id=107500, stack(0x0000001c1ed00000,0x0000001c1ee00000)]
  0x0000012f318fa800 JavaThread "Cancel handler" [_thread_blocked, id=2072, stack(0x0000001c1ee00000,0x0000001c1ef00000)]
  0x0000012f31583800 JavaThread "Daemon worker" [_thread_in_vm, id=47344, stack(0x0000001c1ef00000,0x0000001c1f000000)]
  0x0000012f30c6d800 JavaThread "Asynchronous log dispatcher for DefaultDaemonConnection: socket connection from /127.0.0.1:59578 to /127.0.0.1:59579" [_thread_blocked, id=75412, stack(0x0000001c1f000000,0x0000001c1f100000)]
  0x0000012f30ea9000 JavaThread "Stdin handler" [_thread_blocked, id=41940, stack(0x0000001c1f100000,0x0000001c1f200000)]
  0x0000012f31b6b800 JavaThread "Daemon client event forwarder" [_thread_blocked, id=39456, stack(0x0000001c1f200000,0x0000001c1f300000)]
  0x0000012f31b6c800 JavaThread "Cache worker for journal cache (C:\Users\rsilverio\.gradle\caches\journal-1)" [_thread_blocked, id=34268, stack(0x0000001c1f300000,0x0000001c1f400000)]
  0x0000012f31b6e000 JavaThread "File lock request listener" [_thread_in_native, id=10832, stack(0x0000001c1f400000,0x0000001c1f500000)]
  0x0000012f31b6f800 JavaThread "Cache worker for file hash cache (C:\Users\rsilverio\.gradle\caches\7.3.3\fileHashes)" [_thread_blocked, id=25464, stack(0x0000001c1f500000,0x0000001c1f600000)]
  0x0000012f31b6f000 JavaThread "Cache worker for file hash cache (C:\Users\rsilverio\AndroidStudioProjects\ViaCep\.gradle\7.3.3\fileHashes)" [_thread_blocked, id=94064, stack(0x0000001c1f900000,0x0000001c1fa00000)]
  0x0000012f31b6a000 JavaThread "File watcher server" daemon [_thread_in_native, id=88300, stack(0x0000001c1fa00000,0x0000001c1fb00000)]
  0x0000012f31b6d000 JavaThread "File watcher consumer" daemon [_thread_blocked, id=102936, stack(0x0000001c1fb00000,0x0000001c1fc00000)]
  0x0000012f31b70800 JavaThread "Cache worker for checksums cache (C:\Users\rsilverio\AndroidStudioProjects\ViaCep\.gradle\7.3.3\checksums)" [_thread_blocked, id=63780, stack(0x0000001c1fc00000,0x0000001c1fd00000)]
  0x0000012f31b6a800 JavaThread "Cache worker for cache directory md-supplier (C:\Users\rsilverio\.gradle\caches\7.3.3\md-supplier)" [_thread_blocked, id=90648, stack(0x0000001c1fd00000,0x0000001c1fe00000)]
  0x0000012f31cc4000 JavaThread "Cache worker for cache directory md-rule (C:\Users\rsilverio\.gradle\caches\7.3.3\md-rule)" [_thread_blocked, id=26140, stack(0x0000001c1fe00000,0x0000001c1ff00000)]
  0x0000012f31cc0000 JavaThread "Cache worker for execution history cache (C:\Users\rsilverio\.gradle\caches\7.3.3\executionHistory)" [_thread_blocked, id=24004, stack(0x0000001c1ff00000,0x0000001c20000000)]
  0x0000012f31cc1000 JavaThread "jar transforms" [_thread_blocked, id=103316, stack(0x0000001c20100000,0x0000001c20200000)]
  0x0000012f31cc5000 JavaThread "Cache worker for file content cache (C:\Users\rsilverio\.gradle\caches\7.3.3\fileContent)" [_thread_blocked, id=55976, stack(0x0000001c20200000,0x0000001c20300000)]
  0x0000012f31cca800 JavaThread "jar transforms Thread 2" [_thread_blocked, id=90732, stack(0x0000001c20300000,0x0000001c20400000)]
  0x0000012f31cc7800 JavaThread "Cache worker for dependencies-accessors (C:\Users\rsilverio\AndroidStudioProjects\ViaCep\.gradle\7.3.3\dependencies-accessors)" [_thread_blocked, id=50076, stack(0x0000001c20400000,0x0000001c20500000)]
  0x0000012f31cc6800 JavaThread "jar transforms Thread 3" [_thread_blocked, id=45268, stack(0x0000001c20000000,0x0000001c20100000)]
  0x0000012f31cc8800 JavaThread "Cache worker for Build Output Cleanup Cache (C:\Users\rsilverio\AndroidStudioProjects\ViaCep\.gradle\buildOutputCleanup)" [_thread_blocked, id=100904, stack(0x0000001c1f800000,0x0000001c1f900000)]
  0x0000012f31cc6000 JavaThread "Unconstrained build operations" [_thread_blocked, id=99208, stack(0x0000001c20700000,0x0000001c20800000)]
  0x0000012f31ccc800 JavaThread "Unconstrained build operations Thread 2" [_thread_blocked, id=85952, stack(0x0000001c20800000,0x0000001c20900000)]
  0x0000012f31ccd000 JavaThread "Unconstrained build operations Thread 3" [_thread_blocked, id=113604, stack(0x0000001c20900000,0x0000001c20a00000)]
  0x0000012f31cce000 JavaThread "Unconstrained build operations Thread 4" [_thread_blocked, id=72860, stack(0x0000001c20a00000,0x0000001c20b00000)]
  0x0000012f31cc9000 JavaThread "Unconstrained build operations Thread 5" [_thread_blocked, id=14820, stack(0x0000001c20b00000,0x0000001c20c00000)]
  0x0000012f32758800 JavaThread "Unconstrained build operations Thread 6" [_thread_blocked, id=76692, stack(0x0000001c20c00000,0x0000001c20d00000)]
  0x0000012f32755000 JavaThread "Unconstrained build operations Thread 7" [_thread_blocked, id=62008, stack(0x0000001c20d00000,0x0000001c20e00000)]
  0x0000012f32752800 JavaThread "Unconstrained build operations Thread 8" [_thread_blocked, id=13992, stack(0x0000001c20e00000,0x0000001c20f00000)]
  0x0000012f32759000 JavaThread "Unconstrained build operations Thread 9" [_thread_blocked, id=62468, stack(0x0000001c20f00000,0x0000001c21000000)]
  0x0000012f32753800 JavaThread "Unconstrained build operations Thread 10" [_thread_blocked, id=79056, stack(0x0000001c21000000,0x0000001c21100000)]
  0x0000012f32757000 JavaThread "Unconstrained build operations Thread 11" [_thread_blocked, id=31504, stack(0x0000001c21100000,0x0000001c21200000)]
  0x0000012f32754800 JavaThread "Unconstrained build operations Thread 12" [_thread_blocked, id=31420, stack(0x0000001c21200000,0x0000001c21300000)]
  0x0000012f32756000 JavaThread "Unconstrained build operations Thread 13" [_thread_blocked, id=5148, stack(0x0000001c21300000,0x0000001c21400000)]
  0x0000012f32757800 JavaThread "Unconstrained build operations Thread 14" [_thread_blocked, id=21908, stack(0x0000001c21400000,0x0000001c21500000)]
  0x0000012f3700d800 JavaThread "Unconstrained build operations Thread 15" [_thread_blocked, id=32784, stack(0x0000001c21500000,0x0000001c21600000)]
  0x0000012f3700c000 JavaThread "Unconstrained build operations Thread 16" [_thread_blocked, id=58008, stack(0x0000001c21600000,0x0000001c21700000)]
  0x0000012f3700e800 JavaThread "Unconstrained build operations Thread 17" [_thread_blocked, id=113096, stack(0x0000001c21700000,0x0000001c21800000)]
  0x0000012f3700f000 JavaThread "Unconstrained build operations Thread 18" [_thread_blocked, id=19052, stack(0x0000001c21800000,0x0000001c21900000)]
  0x0000012f37010000 JavaThread "Unconstrained build operations Thread 19" [_thread_blocked, id=8844, stack(0x0000001c21900000,0x0000001c21a00000)]
  0x0000012f3700a800 JavaThread "Unconstrained build operations Thread 20" [_thread_blocked, id=1928, stack(0x0000001c21a00000,0x0000001c21b00000)]
  0x0000012f3700d000 JavaThread "Unconstrained build operations Thread 21" [_thread_blocked, id=43032, stack(0x0000001c21b00000,0x0000001c21c00000)]
  0x0000012f37011000 JavaThread "Unconstrained build operations Thread 22" [_thread_blocked, id=91360, stack(0x0000001c21c00000,0x0000001c21d00000)]
  0x0000012f3700b000 JavaThread "Unconstrained build operations Thread 23" [_thread_blocked, id=36580, stack(0x0000001c21d00000,0x0000001c21e00000)]
  0x0000012f37011800 JavaThread "Unconstrained build operations Thread 24" [_thread_blocked, id=44884, stack(0x0000001c21e00000,0x0000001c21f00000)]
  0x0000012f37014000 JavaThread "Unconstrained build operations Thread 25" [_thread_blocked, id=112000, stack(0x0000001c21f00000,0x0000001c22000000)]
  0x0000012f37017800 JavaThread "Unconstrained build operations Thread 26" [_thread_blocked, id=110268, stack(0x0000001c22000000,0x0000001c22100000)]
  0x0000012f37018000 JavaThread "Unconstrained build operations Thread 27" [_thread_blocked, id=49788, stack(0x0000001c22100000,0x0000001c22200000)]
  0x0000012f37016800 JavaThread "Unconstrained build operations Thread 28" [_thread_blocked, id=59400, stack(0x0000001c22200000,0x0000001c22300000)]
  0x0000012f37013800 JavaThread "Unconstrained build operations Thread 29" [_thread_blocked, id=93568, stack(0x0000001c22300000,0x0000001c22400000)]
  0x0000012f37012800 JavaThread "Unconstrained build operations Thread 30" [_thread_blocked, id=32544, stack(0x0000001c22400000,0x0000001c22500000)]
  0x0000012f37015000 JavaThread "Unconstrained build operations Thread 31" [_thread_blocked, id=87448, stack(0x0000001c22500000,0x0000001c22600000)]
  0x0000012f37015800 JavaThread "Unconstrained build operations Thread 32" [_thread_blocked, id=102832, stack(0x0000001c22600000,0x0000001c22700000)]
  0x0000012f37019000 JavaThread "Unconstrained build operations Thread 33" [_thread_blocked, id=16996, stack(0x0000001c22700000,0x0000001c22800000)]
  0x0000012f354dc000 JavaThread "Unconstrained build operations Thread 34" [_thread_blocked, id=86740, stack(0x0000001c22800000,0x0000001c22900000)]
  0x0000012f354d9800 JavaThread "Unconstrained build operations Thread 35" [_thread_blocked, id=100296, stack(0x0000001c22900000,0x0000001c22a00000)]
  0x0000012f354dd000 JavaThread "Unconstrained build operations Thread 36" [_thread_blocked, id=1764, stack(0x0000001c22a00000,0x0000001c22b00000)]
  0x0000012f354dd800 JavaThread "Unconstrained build operations Thread 37" [_thread_blocked, id=80528, stack(0x0000001c22b00000,0x0000001c22c00000)]
  0x0000012f354e0000 JavaThread "Unconstrained build operations Thread 38" [_thread_blocked, id=113552, stack(0x0000001c22c00000,0x0000001c22d00000)]
  0x0000012f354de800 JavaThread "Unconstrained build operations Thread 39" [_thread_blocked, id=113052, stack(0x0000001c22d00000,0x0000001c22e00000)]
  0x0000012f354da800 JavaThread "Unconstrained build operations Thread 40" [_thread_blocked, id=43028, stack(0x0000001c22e00000,0x0000001c22f00000)]
  0x0000012f354df000 JavaThread "Unconstrained build operations Thread 41" [_thread_blocked, id=80224, stack(0x0000001c22f00000,0x0000001c23000000)]
  0x0000012f354e1000 JavaThread "Unconstrained build operations Thread 42" [_thread_blocked, id=78924, stack(0x0000001c23000000,0x0000001c23100000)]
  0x0000012f354db000 JavaThread "Unconstrained build operations Thread 43" [_thread_blocked, id=35704, stack(0x0000001c23100000,0x0000001c23200000)]
  0x0000012f354e6000 JavaThread "Unconstrained build operations Thread 44" [_thread_blocked, id=94924, stack(0x0000001c23200000,0x0000001c23300000)]
  0x0000012f354e6800 JavaThread "Unconstrained build operations Thread 45" [_thread_blocked, id=103616, stack(0x0000001c23300000,0x0000001c23400000)]
  0x0000012f354e7800 JavaThread "Unconstrained build operations Thread 46" [_thread_blocked, id=78080, stack(0x0000001c23400000,0x0000001c23500000)]
  0x0000012f354e4000 JavaThread "Unconstrained build operations Thread 47" [_thread_blocked, id=26868, stack(0x0000001c23500000,0x0000001c23600000)]
  0x0000012f354e1800 JavaThread "Unconstrained build operations Thread 48" [_thread_blocked, id=98724, stack(0x0000001c23600000,0x0000001c23700000)]
  0x0000012f354e8000 JavaThread "Unconstrained build operations Thread 49" [_thread_blocked, id=105560, stack(0x0000001c23700000,0x0000001c23800000)]
  0x0000012f354e2800 JavaThread "Unconstrained build operations Thread 50" [_thread_blocked, id=53704, stack(0x0000001c23800000,0x0000001c23900000)]
  0x0000012f354e5000 JavaThread "Unconstrained build operations Thread 51" [_thread_blocked, id=99732, stack(0x0000001c23900000,0x0000001c23a00000)]
  0x0000012f354e3800 JavaThread "Unconstrained build operations Thread 52" [_thread_blocked, id=88140, stack(0x0000001c23a00000,0x0000001c23b00000)]
  0x0000012f3269b800 JavaThread "Unconstrained build operations Thread 53" [_thread_blocked, id=24788, stack(0x0000001c23b00000,0x0000001c23c00000)]
  0x0000012f3269c800 JavaThread "Unconstrained build operations Thread 54" [_thread_blocked, id=84148, stack(0x0000001c23c00000,0x0000001c23d00000)]
  0x0000012f3269b000 JavaThread "Unconstrained build operations Thread 55" [_thread_blocked, id=101928, stack(0x0000001c23d00000,0x0000001c23e00000)]
  0x0000012f326a3000 JavaThread "Unconstrained build operations Thread 56" [_thread_blocked, id=101284, stack(0x0000001c23e00000,0x0000001c23f00000)]
  0x0000012f326a1800 JavaThread "Unconstrained build operations Thread 57" [_thread_blocked, id=102328, stack(0x0000001c23f00000,0x0000001c24000000)]
  0x0000012f326a0800 JavaThread "Unconstrained build operations Thread 58" [_thread_blocked, id=90572, stack(0x0000001c24000000,0x0000001c24100000)]
  0x0000012f3269d800 JavaThread "Unconstrained build operations Thread 59" [_thread_blocked, id=73748, stack(0x0000001c24100000,0x0000001c24200000)]
  0x0000012f326a2000 JavaThread "Unconstrained build operations Thread 60" [_thread_blocked, id=57524, stack(0x0000001c24200000,0x0000001c24300000)]
  0x0000012f326a4000 JavaThread "Unconstrained build operations Thread 61" [_thread_blocked, id=33828, stack(0x0000001c24300000,0x0000001c24400000)]
  0x0000012f3269e000 JavaThread "Unconstrained build operations Thread 62" [_thread_blocked, id=101940, stack(0x0000001c24400000,0x0000001c24500000)]
  0x0000012f326a4800 JavaThread "Unconstrained build operations Thread 63" [_thread_blocked, id=110652, stack(0x0000001c24500000,0x0000001c24600000)]
  0x0000012f3269f800 JavaThread "Unconstrained build operations Thread 64" [_thread_blocked, id=50160, stack(0x0000001c24600000,0x0000001c24700000)]
  0x0000012f3269f000 JavaThread "Unconstrained build operations Thread 65" [_thread_blocked, id=106768, stack(0x0000001c24700000,0x0000001c24800000)]
  0x0000012f326a6000 JavaThread "Unconstrained build operations Thread 66" [_thread_blocked, id=58768, stack(0x0000001c24800000,0x0000001c24900000)]
  0x0000012f326a8000 JavaThread "Unconstrained build operations Thread 67" [_thread_blocked, id=80044, stack(0x0000001c24900000,0x0000001c24a00000)]
  0x0000012f326a5800 JavaThread "Unconstrained build operations Thread 68" [_thread_blocked, id=85188, stack(0x0000001c24a00000,0x0000001c24b00000)]
  0x0000012f326a9800 JavaThread "Unconstrained build operations Thread 69" [_thread_blocked, id=43580, stack(0x0000001c24b00000,0x0000001c24c00000)]
  0x0000012f326a7000 JavaThread "Unconstrained build operations Thread 70" [_thread_blocked, id=94916, stack(0x0000001c24c00000,0x0000001c24d00000)]
  0x0000012f326a8800 JavaThread "Unconstrained build operations Thread 71" [_thread_blocked, id=25364, stack(0x0000001c24d00000,0x0000001c24e00000)]
  0x0000012f36a56800 JavaThread "Unconstrained build operations Thread 72" [_thread_blocked, id=100648, stack(0x0000001c24e00000,0x0000001c24f00000)]
  0x0000012f36a59000 JavaThread "Unconstrained build operations Thread 73" [_thread_blocked, id=80796, stack(0x0000001c24f00000,0x0000001c25000000)]
  0x0000012f36a57800 JavaThread "Unconstrained build operations Thread 74" [_thread_blocked, id=113532, stack(0x0000001c25000000,0x0000001c25100000)]
  0x0000012f36a53000 JavaThread "Unconstrained build operations Thread 75" [_thread_blocked, id=19840, stack(0x0000001c25100000,0x0000001c25200000)]
  0x0000012f36a55800 JavaThread "Unconstrained build operations Thread 76" [_thread_blocked, id=103384, stack(0x0000001c25200000,0x0000001c25300000)]
  0x0000012f36a58000 JavaThread "Unconstrained build operations Thread 77" [_thread_blocked, id=100544, stack(0x0000001c25300000,0x0000001c25400000)]
  0x0000012f36a59800 JavaThread "Unconstrained build operations Thread 78" [_thread_blocked, id=72548, stack(0x0000001c25400000,0x0000001c25500000)]
  0x0000012f36a54000 JavaThread "Unconstrained build operations Thread 79" [_thread_blocked, id=32444, stack(0x0000001c25500000,0x0000001c25600000)]
  0x0000012f36a5a800 JavaThread "Unconstrained build operations Thread 80" [_thread_blocked, id=24552, stack(0x0000001c25600000,0x0000001c25700000)]
  0x0000012f36a55000 JavaThread "jar transforms Thread 4" [_thread_blocked, id=54180, stack(0x0000001c25700000,0x0000001c25800000)]
  0x0000012f36a5c000 JavaThread "jar transforms Thread 5" [_thread_blocked, id=112360, stack(0x0000001c25800000,0x0000001c25900000)]
  0x0000012f36a5d000 JavaThread "jar transforms Thread 6" [_thread_blocked, id=51028, stack(0x0000001c25900000,0x0000001c25a00000)]
  0x0000012f36a60800 JavaThread "jar transforms Thread 7" [_thread_blocked, id=49300, stack(0x0000001c25a00000,0x0000001c25b00000)]
  0x0000012f36a61000 JavaThread "jar transforms Thread 8" [_thread_blocked, id=90232, stack(0x0000001c25b00000,0x0000001c25c00000)]
=>0x0000012f36a5e000 JavaThread "C2 CompilerThread1" daemon [_thread_in_native, id=9092, stack(0x0000001c20500000,0x0000001c20600000)]

Other Threads:
  0x0000012f2e9d3000 VMThread "VM Thread" [stack: 0x0000001c1d800000,0x0000001c1d900000] [id=33952]
  0x0000012f2f448800 WatcherThread [stack: 0x0000001c1e200000,0x0000001c1e300000] [id=105128]
  0x0000012f14549800 GCTaskThread "GC Thread#0" [stack: 0x0000001c1d300000,0x0000001c1d400000] [id=36928]
  0x0000012f300de000 GCTaskThread "GC Thread#1" [stack: 0x0000001c1e400000,0x0000001c1e500000] [id=62004]
  0x0000012f2ffc5800 GCTaskThread "GC Thread#2" [stack: 0x0000001c1e500000,0x0000001c1e600000] [id=58476]
  0x0000012f306c6800 GCTaskThread "GC Thread#3" [stack: 0x0000001c1e600000,0x0000001c1e700000] [id=68328]
  0x0000012f306c7000 GCTaskThread "GC Thread#4" [stack: 0x0000001c1e700000,0x0000001c1e800000] [id=82188]
  0x0000012f2fb2f800 GCTaskThread "GC Thread#5" [stack: 0x0000001c1e800000,0x0000001c1e900000] [id=18508]
  0x0000012f2fb30800 GCTaskThread "GC Thread#6" [stack: 0x0000001c1e900000,0x0000001c1ea00000] [id=81776]
  0x0000012f31e45800 GCTaskThread "GC Thread#7" [stack: 0x0000001c1f600000,0x0000001c1f700000] [id=13300]
  0x0000012f1457e000 ConcurrentGCThread "G1 Main Marker" [stack: 0x0000001c1d400000,0x0000001c1d500000] [id=78780]
  0x0000012f14581000 ConcurrentGCThread "G1 Conc#0" [stack: 0x0000001c1d500000,0x0000001c1d600000] [id=46980]
  0x0000012f3190c800 ConcurrentGCThread "G1 Conc#1" [stack: 0x0000001c1f700000,0x0000001c1f800000] [id=23932]
  0x0000012f1460e000 ConcurrentGCThread "G1 Refine#0" [stack: 0x0000001c1d600000,0x0000001c1d700000] [id=25792]
  0x0000012f2e8a8800 ConcurrentGCThread "G1 Young RemSet Sampling" [stack: 0x0000001c1d700000,0x0000001c1d800000] [id=28748]

Threads with active compile tasks:
C2 CompilerThread1  11643 5490       4       org.objectweb.asm.Frame::execute (2318 bytes)

VM state:not at safepoint (normal execution)

VM Mutex/Monitor currently owned by a thread: None

Heap address: 0x0000000080000000, size: 2048 MB, Compressed Oops mode: 32-bit
Narrow klass base: 0x0000000000000000, Narrow klass shift: 3
Compressed class space size: 1073741824 Address: 0x0000000100000000

Heap:
 garbage-first heap   total 325632K, used 171573K [0x0000000080000000, 0x0000000100000000)
  region size 1024K, 150 young (153600K), 13 survivors (13312K)
 Metaspace       used 52860K, capacity 54118K, committed 54400K, reserved 1095680K
  class space    used 6749K, capacity 7233K, committed 7296K, reserved 1048576K
Heap Regions: E=young(eden), S=young(survivor), O=old, HS=humongous(starts), HC=humongous(continues), CS=collection set, F=free, A=archive, TAMS=top-at-mark-start (previous, next)
|   0|0x0000000080000000, 0x0000000080100000, 0x0000000080100000|100%| O|  |TAMS 0x0000000080100000, 0x0000000080000000| Untracked 
|   1|0x0000000080100000, 0x0000000080200000, 0x0000000080200000|100%| O|  |TAMS 0x0000000080200000, 0x0000000080100000| Untracked 
|   2|0x0000000080200000, 0x0000000080300000, 0x0000000080300000|100%| O|  |TAMS 0x0000000080300000, 0x0000000080200000| Untracked 
|   3|0x0000000080300000, 0x0000000080400000, 0x0000000080400000|100%|HS|  |TAMS 0x0000000080400000, 0x0000000080300000| Complete 
|   4|0x0000000080400000, 0x0000000080500000, 0x0000000080500000|100%|HC|  |TAMS 0x0000000080500000, 0x0000000080400000| Complete 
|   5|0x0000000080500000, 0x0000000080600000, 0x0000000080600000|100%|HC|  |TAMS 0x0000000080600000, 0x0000000080500000| Complete 
|   6|0x0000000080600000, 0x0000000080700000, 0x0000000080700000|100%| O|  |TAMS 0x0000000080700000, 0x0000000080600000| Untracked 
|   7|0x0000000080700000, 0x0000000080800000, 0x0000000080800000|100%| O|  |TAMS 0x0000000080800000, 0x0000000080700000| Untracked 
|   8|0x0000000080800000, 0x0000000080900000, 0x0000000080900000|100%| O|  |TAMS 0x0000000080900000, 0x0000000080800000| Untracked 
|   9|0x0000000080900000, 0x0000000080a00000, 0x0000000080a00000|100%| O|  |TAMS 0x0000000080a00000, 0x0000000080900000| Untracked 
|  10|0x0000000080a00000, 0x0000000080b00000, 0x0000000080b00000|100%| O|  |TAMS 0x0000000080b00000, 0x0000000080a00000| Untracked 
|  11|0x0000000080b00000, 0x0000000080c00000, 0x0000000080c00000|100%| O|  |TAMS 0x0000000080c00000, 0x0000000080b00000| Untracked 
|  12|0x0000000080c00000, 0x0000000080d00000, 0x0000000080d00000|100%| O|  |TAMS 0x0000000080d00000, 0x0000000080c00000| Untracked 
|  13|0x0000000080d00000, 0x0000000080e00000, 0x0000000080e00000|100%| O|  |TAMS 0x0000000080e00000, 0x0000000080d00000| Untracked 
|  14|0x0000000080e00000, 0x0000000080f00000, 0x0000000080f00000|100%| O|  |TAMS 0x0000000080f00000, 0x0000000080e00000| Untracked 
|  15|0x0000000080f00000, 0x0000000081000000, 0x0000000081000000|100%| O|  |TAMS 0x0000000081000000, 0x0000000080f00000| Untracked 
|  16|0x0000000081000000, 0x0000000081017a00, 0x0000000081100000|  9%| O|  |TAMS 0x0000000081017a00, 0x0000000081000000| Untracked 
|  17|0x0000000081100000, 0x0000000081200000, 0x0000000081200000|100%|HS|  |TAMS 0x0000000081100000, 0x0000000081100000| Complete 
|  18|0x0000000081200000, 0x0000000081300000, 0x0000000081300000|100%|HS|  |TAMS 0x0000000081200000, 0x0000000081200000| Complete 
|  19|0x0000000081300000, 0x0000000081400000, 0x0000000081400000|100%|HS|  |TAMS 0x0000000081300000, 0x0000000081300000| Complete 
|  20|0x0000000081400000, 0x0000000081500000, 0x0000000081500000|100%|HC|  |TAMS 0x0000000081400000, 0x0000000081400000| Complete 
|  21|0x0000000081500000, 0x0000000081500000, 0x0000000081600000|  0%| F|  |TAMS 0x0000000081500000, 0x0000000081500000| Untracked 
|  22|0x0000000081600000, 0x0000000081600000, 0x0000000081700000|  0%| F|  |TAMS 0x0000000081600000, 0x0000000081600000| Untracked 
|  23|0x0000000081700000, 0x0000000081700000, 0x0000000081800000|  0%| F|  |TAMS 0x0000000081700000, 0x0000000081700000| Untracked 
|  24|0x0000000081800000, 0x0000000081800000, 0x0000000081900000|  0%| F|  |TAMS 0x0000000081800000, 0x0000000081800000| Untracked 
|  25|0x0000000081900000, 0x0000000081900000, 0x0000000081a00000|  0%| F|  |TAMS 0x0000000081900000, 0x0000000081900000| Untracked 
|  26|0x0000000081a00000, 0x0000000081a00000, 0x0000000081b00000|  0%| F|  |TAMS 0x0000000081a00000, 0x0000000081a00000| Untracked 
|  27|0x0000000081b00000, 0x0000000081b00000, 0x0000000081c00000|  0%| F|  |TAMS 0x0000000081b00000, 0x0000000081b00000| Untracked 
|  28|0x0000000081c00000, 0x0000000081c00000, 0x0000000081d00000|  0%| F|  |TAMS 0x0000000081c00000, 0x0000000081c00000| Untracked 
|  29|0x0000000081d00000, 0x0000000081d00000, 0x0000000081e00000|  0%| F|  |TAMS 0x0000000081d00000, 0x0000000081d00000| Untracked 
|  30|0x0000000081e00000, 0x0000000081e00000, 0x0000000081f00000|  0%| F|  |TAMS 0x0000000081e00000, 0x0000000081e00000| Untracked 
|  31|0x0000000081f00000, 0x0000000081f00000, 0x0000000082000000|  0%| F|  |TAMS 0x0000000081f00000, 0x0000000081f00000| Untracked 
|  32|0x0000000082000000, 0x0000000082000000, 0x0000000082100000|  0%| F|  |TAMS 0x0000000082000000, 0x0000000082000000| Untracked 
|  33|0x0000000082100000, 0x0000000082100000, 0x0000000082200000|  0%| F|  |TAMS 0x0000000082100000, 0x0000000082100000| Untracked 
|  34|0x0000000082200000, 0x0000000082200000, 0x0000000082300000|  0%| F|  |TAMS 0x0000000082200000, 0x0000000082200000| Untracked 
|  35|0x0000000082300000, 0x0000000082300000, 0x0000000082400000|  0%| F|  |TAMS 0x0000000082300000, 0x0000000082300000| Untracked 
|  36|0x0000000082400000, 0x0000000082400000, 0x0000000082500000|  0%| F|  |TAMS 0x0000000082400000, 0x0000000082400000| Untracked 
|  37|0x0000000082500000, 0x0000000082500000, 0x0000000082600000|  0%| F|  |TAMS 0x0000000082500000, 0x0000000082500000| Untracked 
|  38|0x0000000082600000, 0x0000000082600000, 0x0000000082700000|  0%| F|  |TAMS 0x0000000082600000, 0x0000000082600000| Untracked 
|  39|0x0000000082700000, 0x0000000082700000, 0x0000000082800000|  0%| F|  |TAMS 0x0000000082700000, 0x0000000082700000| Untracked 
|  40|0x0000000082800000, 0x0000000082800000, 0x0000000082900000|  0%| F|  |TAMS 0x0000000082800000, 0x0000000082800000| Untracked 
|  41|0x0000000082900000, 0x0000000082900000, 0x0000000082a00000|  0%| F|  |TAMS 0x0000000082900000, 0x0000000082900000| Untracked 
|  42|0x0000000082a00000, 0x0000000082a00000, 0x0000000082b00000|  0%| F|  |TAMS 0x0000000082a00000, 0x0000000082a00000| Untracked 
|  43|0x0000000082b00000, 0x0000000082b00000, 0x0000000082c00000|  0%| F|  |TAMS 0x0000000082b00000, 0x0000000082b00000| Untracked 
|  44|0x0000000082c00000, 0x0000000082c00000, 0x0000000082d00000|  0%| F|  |TAMS 0x0000000082c00000, 0x0000000082c00000| Untracked 
|  45|0x0000000082d00000, 0x0000000082d00000, 0x0000000082e00000|  0%| F|  |TAMS 0x0000000082d00000, 0x0000000082d00000| Untracked 
|  46|0x0000000082e00000, 0x0000000082e00000, 0x0000000082f00000|  0%| F|  |TAMS 0x0000000082e00000, 0x0000000082e00000| Untracked 
|  47|0x0000000082f00000, 0x0000000082f00000, 0x0000000083000000|  0%| F|  |TAMS 0x0000000082f00000, 0x0000000082f00000| Untracked 
|  48|0x0000000083000000, 0x0000000083000000, 0x0000000083100000|  0%| F|  |TAMS 0x0000000083000000, 0x0000000083000000| Untracked 
|  49|0x0000000083100000, 0x0000000083100000, 0x0000000083200000|  0%| F|  |TAMS 0x0000000083100000, 0x0000000083100000| Untracked 
|  50|0x0000000083200000, 0x0000000083200000, 0x0000000083300000|  0%| F|  |TAMS 0x0000000083200000, 0x0000000083200000| Untracked 
|  51|0x0000000083300000, 0x0000000083300000, 0x0000000083400000|  0%| F|  |TAMS 0x0000000083300000, 0x0000000083300000| Untracked 
|  52|0x0000000083400000, 0x0000000083400000, 0x0000000083500000|  0%| F|  |TAMS 0x0000000083400000, 0x0000000083400000| Untracked 
|  53|0x0000000083500000, 0x0000000083500000, 0x0000000083600000|  0%| F|  |TAMS 0x0000000083500000, 0x0000000083500000| Untracked 
|  54|0x0000000083600000, 0x0000000083600000, 0x0000000083700000|  0%| F|  |TAMS 0x0000000083600000, 0x0000000083600000| Untracked 
|  55|0x0000000083700000, 0x0000000083700000, 0x0000000083800000|  0%| F|  |TAMS 0x0000000083700000, 0x0000000083700000| Untracked 
|  56|0x0000000083800000, 0x0000000083800000, 0x0000000083900000|  0%| F|  |TAMS 0x0000000083800000, 0x0000000083800000| Untracked 
|  57|0x0000000083900000, 0x0000000083900000, 0x0000000083a00000|  0%| F|  |TAMS 0x0000000083900000, 0x0000000083900000| Untracked 
|  58|0x0000000083a00000, 0x0000000083a00000, 0x0000000083b00000|  0%| F|  |TAMS 0x0000000083a00000, 0x0000000083a00000| Untracked 
|  59|0x0000000083b00000, 0x0000000083b00000, 0x0000000083c00000|  0%| F|  |TAMS 0x0000000083b00000, 0x0000000083b00000| Untracked 
|  60|0x0000000083c00000, 0x0000000083c00000, 0x0000000083d00000|  0%| F|  |TAMS 0x0000000083c00000, 0x0000000083c00000| Untracked 
|  61|0x0000000083d00000, 0x0000000083d00000, 0x0000000083e00000|  0%| F|  |TAMS 0x0000000083d00000, 0x0000000083d00000| Untracked 
|  62|0x0000000083e00000, 0x0000000083e00000, 0x0000000083f00000|  0%| F|  |TAMS 0x0000000083e00000, 0x0000000083e00000| Untracked 
|  63|0x0000000083f00000, 0x0000000083f00000, 0x0000000084000000|  0%| F|  |TAMS 0x0000000083f00000, 0x0000000083f00000| Untracked 
|  64|0x0000000084000000, 0x0000000084000000, 0x0000000084100000|  0%| F|  |TAMS 0x0000000084000000, 0x0000000084000000| Untracked 
|  65|0x0000000084100000, 0x0000000084100000, 0x0000000084200000|  0%| F|  |TAMS 0x0000000084100000, 0x0000000084100000| Untracked 
|  66|0x0000000084200000, 0x0000000084200000, 0x0000000084300000|  0%| F|  |TAMS 0x0000000084200000, 0x0000000084200000| Untracked 
|  67|0x0000000084300000, 0x0000000084300000, 0x0000000084400000|  0%| F|  |TAMS 0x0000000084300000, 0x0000000084300000| Untracked 
|  68|0x0000000084400000, 0x0000000084400000, 0x0000000084500000|  0%| F|  |TAMS 0x0000000084400000, 0x0000000084400000| Untracked 
|  69|0x0000000084500000, 0x0000000084500000, 0x0000000084600000|  0%| F|  |TAMS 0x0000000084500000, 0x0000000084500000| Untracked 
|  70|0x0000000084600000, 0x0000000084600000, 0x0000000084700000|  0%| F|  |TAMS 0x0000000084600000, 0x0000000084600000| Untracked 
|  71|0x0000000084700000, 0x0000000084700000, 0x0000000084800000|  0%| F|  |TAMS 0x0000000084700000, 0x0000000084700000| Untracked 
|  72|0x0000000084800000, 0x0000000084800000, 0x0000000084900000|  0%| F|  |TAMS 0x0000000084800000, 0x0000000084800000| Untracked 
|  73|0x0000000084900000, 0x0000000084900000, 0x0000000084a00000|  0%| F|  |TAMS 0x0000000084900000, 0x0000000084900000| Untracked 
|  74|0x0000000084a00000, 0x0000000084a00000, 0x0000000084b00000|  0%| F|  |TAMS 0x0000000084a00000, 0x0000000084a00000| Untracked 
|  75|0x0000000084b00000, 0x0000000084b00000, 0x0000000084c00000|  0%| F|  |TAMS 0x0000000084b00000, 0x0000000084b00000| Untracked 
|  76|0x0000000084c00000, 0x0000000084c00000, 0x0000000084d00000|  0%| F|  |TAMS 0x0000000084c00000, 0x0000000084c00000| Untracked 
|  77|0x0000000084d00000, 0x0000000084d00000, 0x0000000084e00000|  0%| F|  |TAMS 0x0000000084d00000, 0x0000000084d00000| Untracked 
|  78|0x0000000084e00000, 0x0000000084e00000, 0x0000000084f00000|  0%| F|  |TAMS 0x0000000084e00000, 0x0000000084e00000| Untracked 
|  79|0x0000000084f00000, 0x0000000084f00000, 0x0000000085000000|  0%| F|  |TAMS 0x0000000084f00000, 0x0000000084f00000| Untracked 
|  80|0x0000000085000000, 0x0000000085000000, 0x0000000085100000|  0%| F|  |TAMS 0x0000000085000000, 0x0000000085000000| Untracked 
|  81|0x0000000085100000, 0x0000000085100000, 0x0000000085200000|  0%| F|  |TAMS 0x0000000085100000, 0x0000000085100000| Untracked 
|  82|0x0000000085200000, 0x0000000085200000, 0x0000000085300000|  0%| F|  |TAMS 0x0000000085200000, 0x0000000085200000| Untracked 
|  83|0x0000000085300000, 0x0000000085300000, 0x0000000085400000|  0%| F|  |TAMS 0x0000000085300000, 0x0000000085300000| Untracked 
|  84|0x0000000085400000, 0x0000000085400000, 0x0000000085500000|  0%| F|  |TAMS 0x0000000085400000, 0x0000000085400000| Untracked 
|  85|0x0000000085500000, 0x0000000085500000, 0x0000000085600000|  0%| F|  |TAMS 0x0000000085500000, 0x0000000085500000| Untracked 
|  86|0x0000000085600000, 0x0000000085600000, 0x0000000085700000|  0%| F|  |TAMS 0x0000000085600000, 0x0000000085600000| Untracked 
|  87|0x0000000085700000, 0x0000000085700000, 0x0000000085800000|  0%| F|  |TAMS 0x0000000085700000, 0x0000000085700000| Untracked 
|  88|0x0000000085800000, 0x0000000085800000, 0x0000000085900000|  0%| F|  |TAMS 0x0000000085800000, 0x0000000085800000| Untracked 
|  89|0x0000000085900000, 0x0000000085900000, 0x0000000085a00000|  0%| F|  |TAMS 0x0000000085900000, 0x0000000085900000| Untracked 
|  90|0x0000000085a00000, 0x0000000085a00000, 0x0000000085b00000|  0%| F|  |TAMS 0x0000000085a00000, 0x0000000085a00000| Untracked 
|  91|0x0000000085b00000, 0x0000000085b00000, 0x0000000085c00000|  0%| F|  |TAMS 0x0000000085b00000, 0x0000000085b00000| Untracked 
|  92|0x0000000085c00000, 0x0000000085c00000, 0x0000000085d00000|  0%| F|  |TAMS 0x0000000085c00000, 0x0000000085c00000| Untracked 
|  93|0x0000000085d00000, 0x0000000085d00000, 0x0000000085e00000|  0%| F|  |TAMS 0x0000000085d00000, 0x0000000085d00000| Untracked 
|  94|0x0000000085e00000, 0x0000000085e00000, 0x0000000085f00000|  0%| F|  |TAMS 0x0000000085e00000, 0x0000000085e00000| Untracked 
|  95|0x0000000085f00000, 0x0000000085f00000, 0x0000000086000000|  0%| F|  |TAMS 0x0000000085f00000, 0x0000000085f00000| Untracked 
|  96|0x0000000086000000, 0x0000000086000000, 0x0000000086100000|  0%| F|  |TAMS 0x0000000086000000, 0x0000000086000000| Untracked 
|  97|0x0000000086100000, 0x0000000086100000, 0x0000000086200000|  0%| F|  |TAMS 0x0000000086100000, 0x0000000086100000| Untracked 
|  98|0x0000000086200000, 0x0000000086200000, 0x0000000086300000|  0%| F|  |TAMS 0x0000000086200000, 0x0000000086200000| Untracked 
|  99|0x0000000086300000, 0x0000000086300000, 0x0000000086400000|  0%| F|  |TAMS 0x0000000086300000, 0x0000000086300000| Untracked 
| 100|0x0000000086400000, 0x0000000086400000, 0x0000000086500000|  0%| F|  |TAMS 0x0000000086400000, 0x0000000086400000| Untracked 
| 101|0x0000000086500000, 0x0000000086500000, 0x0000000086600000|  0%| F|  |TAMS 0x0000000086500000, 0x0000000086500000| Untracked 
| 102|0x0000000086600000, 0x0000000086600000, 0x0000000086700000|  0%| F|  |TAMS 0x0000000086600000, 0x0000000086600000| Untracked 
| 103|0x0000000086700000, 0x0000000086700000, 0x0000000086800000|  0%| F|  |TAMS 0x0000000086700000, 0x0000000086700000| Untracked 
| 104|0x0000000086800000, 0x0000000086800000, 0x0000000086900000|  0%| F|  |TAMS 0x0000000086800000, 0x0000000086800000| Untracked 
| 105|0x0000000086900000, 0x0000000086900000, 0x0000000086a00000|  0%| F|  |TAMS 0x0000000086900000, 0x0000000086900000| Untracked 
| 106|0x0000000086a00000, 0x0000000086a00000, 0x0000000086b00000|  0%| F|  |TAMS 0x0000000086a00000, 0x0000000086a00000| Untracked 
| 107|0x0000000086b00000, 0x0000000086b00000, 0x0000000086c00000|  0%| F|  |TAMS 0x0000000086b00000, 0x0000000086b00000| Untracked 
| 108|0x0000000086c00000, 0x0000000086c00000, 0x0000000086d00000|  0%| F|  |TAMS 0x0000000086c00000, 0x0000000086c00000| Untracked 
| 109|0x0000000086d00000, 0x0000000086d00000, 0x0000000086e00000|  0%| F|  |TAMS 0x0000000086d00000, 0x0000000086d00000| Untracked 
| 110|0x0000000086e00000, 0x0000000086e00000, 0x0000000086f00000|  0%| F|  |TAMS 0x0000000086e00000, 0x0000000086e00000| Untracked 
| 111|0x0000000086f00000, 0x0000000086f00000, 0x0000000087000000|  0%| F|  |TAMS 0x0000000086f00000, 0x0000000086f00000| Untracked 
| 112|0x0000000087000000, 0x0000000087000000, 0x0000000087100000|  0%| F|  |TAMS 0x0000000087000000, 0x0000000087000000| Untracked 
| 113|0x0000000087100000, 0x0000000087100000, 0x0000000087200000|  0%| F|  |TAMS 0x0000000087100000, 0x0000000087100000| Untracked 
| 114|0x0000000087200000, 0x0000000087200000, 0x0000000087300000|  0%| F|  |TAMS 0x0000000087200000, 0x0000000087200000| Untracked 
| 115|0x0000000087300000, 0x0000000087300000, 0x0000000087400000|  0%| F|  |TAMS 0x0000000087300000, 0x0000000087300000| Untracked 
| 116|0x0000000087400000, 0x0000000087400000, 0x0000000087500000|  0%| F|  |TAMS 0x0000000087400000, 0x0000000087400000| Untracked 
| 117|0x0000000087500000, 0x0000000087500000, 0x0000000087600000|  0%| F|  |TAMS 0x0000000087500000, 0x0000000087500000| Untracked 
| 118|0x0000000087600000, 0x0000000087600000, 0x0000000087700000|  0%| F|  |TAMS 0x0000000087600000, 0x0000000087600000| Untracked 
| 119|0x0000000087700000, 0x0000000087700000, 0x0000000087800000|  0%| F|  |TAMS 0x0000000087700000, 0x0000000087700000| Untracked 
| 120|0x0000000087800000, 0x0000000087800000, 0x0000000087900000|  0%| F|  |TAMS 0x0000000087800000, 0x0000000087800000| Untracked 
| 121|0x0000000087900000, 0x0000000087900000, 0x0000000087a00000|  0%| F|  |TAMS 0x0000000087900000, 0x0000000087900000| Untracked 
| 122|0x0000000087a00000, 0x0000000087a00000, 0x0000000087b00000|  0%| F|  |TAMS 0x0000000087a00000, 0x0000000087a00000| Untracked 
| 123|0x0000000087b00000, 0x0000000087b00000, 0x0000000087c00000|  0%| F|  |TAMS 0x0000000087b00000, 0x0000000087b00000| Untracked 
| 124|0x0000000087c00000, 0x0000000087c00000, 0x0000000087d00000|  0%| F|  |TAMS 0x0000000087c00000, 0x0000000087c00000| Untracked 
| 125|0x0000000087d00000, 0x0000000087d00000, 0x0000000087e00000|  0%| F|  |TAMS 0x0000000087d00000, 0x0000000087d00000| Untracked 
| 126|0x0000000087e00000, 0x0000000087e00000, 0x0000000087f00000|  0%| F|  |TAMS 0x0000000087e00000, 0x0000000087e00000| Untracked 
| 127|0x0000000087f00000, 0x0000000087f00000, 0x0000000088000000|  0%| F|  |TAMS 0x0000000087f00000, 0x0000000087f00000| Untracked 
| 128|0x0000000088000000, 0x0000000088000000, 0x0000000088100000|  0%| F|  |TAMS 0x0000000088000000, 0x0000000088000000| Untracked 
| 129|0x0000000088100000, 0x0000000088100000, 0x0000000088200000|  0%| F|  |TAMS 0x0000000088100000, 0x0000000088100000| Untracked 
| 130|0x0000000088200000, 0x0000000088200000, 0x0000000088300000|  0%| F|  |TAMS 0x0000000088200000, 0x0000000088200000| Untracked 
| 131|0x0000000088300000, 0x0000000088300000, 0x0000000088400000|  0%| F|  |TAMS 0x0000000088300000, 0x0000000088300000| Untracked 
| 132|0x0000000088400000, 0x0000000088400000, 0x0000000088500000|  0%| F|  |TAMS 0x0000000088400000, 0x0000000088400000| Untracked 
| 133|0x0000000088500000, 0x0000000088500000, 0x0000000088600000|  0%| F|  |TAMS 0x0000000088500000, 0x0000000088500000| Untracked 
| 134|0x0000000088600000, 0x0000000088600000, 0x0000000088700000|  0%| F|  |TAMS 0x0000000088600000, 0x0000000088600000| Untracked 
| 135|0x0000000088700000, 0x0000000088700000, 0x0000000088800000|  0%| F|  |TAMS 0x0000000088700000, 0x0000000088700000| Untracked 
| 136|0x0000000088800000, 0x0000000088800000, 0x0000000088900000|  0%| F|  |TAMS 0x0000000088800000, 0x0000000088800000| Untracked 
| 137|0x0000000088900000, 0x0000000088900000, 0x0000000088a00000|  0%| F|  |TAMS 0x0000000088900000, 0x0000000088900000| Untracked 
| 138|0x0000000088a00000, 0x0000000088a00000, 0x0000000088b00000|  0%| F|  |TAMS 0x0000000088a00000, 0x0000000088a00000| Untracked 
| 139|0x0000000088b00000, 0x0000000088b00000, 0x0000000088c00000|  0%| F|  |TAMS 0x0000000088b00000, 0x0000000088b00000| Untracked 
| 140|0x0000000088c00000, 0x0000000088c00000, 0x0000000088d00000|  0%| F|  |TAMS 0x0000000088c00000, 0x0000000088c00000| Untracked 
| 141|0x0000000088d00000, 0x0000000088d00000, 0x0000000088e00000|  0%| F|  |TAMS 0x0000000088d00000, 0x0000000088d00000| Untracked 
| 142|0x0000000088e00000, 0x0000000088e00000, 0x0000000088f00000|  0%| F|  |TAMS 0x0000000088e00000, 0x0000000088e00000| Untracked 
| 143|0x0000000088f00000, 0x0000000088f00000, 0x0000000089000000|  0%| F|  |TAMS 0x0000000088f00000, 0x0000000088f00000| Untracked 
| 144|0x0000000089000000, 0x0000000089000000, 0x0000000089100000|  0%| F|  |TAMS 0x0000000089000000, 0x0000000089000000| Untracked 
| 145|0x0000000089100000, 0x0000000089100000, 0x0000000089200000|  0%| F|  |TAMS 0x0000000089100000, 0x0000000089100000| Untracked 
| 146|0x0000000089200000, 0x0000000089200000, 0x0000000089300000|  0%| F|  |TAMS 0x0000000089200000, 0x0000000089200000| Untracked 
| 147|0x0000000089300000, 0x0000000089300000, 0x0000000089400000|  0%| F|  |TAMS 0x0000000089300000, 0x0000000089300000| Untracked 
| 148|0x0000000089400000, 0x0000000089400000, 0x0000000089500000|  0%| F|  |TAMS 0x0000000089400000, 0x0000000089400000| Untracked 
| 149|0x0000000089500000, 0x0000000089500000, 0x0000000089600000|  0%| F|  |TAMS 0x0000000089500000, 0x0000000089500000| Untracked 
| 150|0x0000000089600000, 0x0000000089600000, 0x0000000089700000|  0%| F|  |TAMS 0x0000000089600000, 0x0000000089600000| Untracked 
| 151|0x0000000089700000, 0x0000000089700000, 0x0000000089800000|  0%| F|  |TAMS 0x0000000089700000, 0x0000000089700000| Untracked 
| 152|0x0000000089800000, 0x0000000089800000, 0x0000000089900000|  0%| F|  |TAMS 0x0000000089800000, 0x0000000089800000| Untracked 
| 153|0x0000000089900000, 0x0000000089900000, 0x0000000089a00000|  0%| F|  |TAMS 0x0000000089900000, 0x0000000089900000| Untracked 
| 154|0x0000000089a00000, 0x0000000089a00000, 0x0000000089b00000|  0%| F|  |TAMS 0x0000000089a00000, 0x0000000089a00000| Untracked 
| 155|0x0000000089b00000, 0x0000000089b00000, 0x0000000089c00000|  0%| F|  |TAMS 0x0000000089b00000, 0x0000000089b00000| Untracked 
| 156|0x0000000089c00000, 0x0000000089c00000, 0x0000000089d00000|  0%| F|  |TAMS 0x0000000089c00000, 0x0000000089c00000| Untracked 
| 157|0x0000000089d00000, 0x0000000089d00000, 0x0000000089e00000|  0%| F|  |TAMS 0x0000000089d00000, 0x0000000089d00000| Untracked 
| 158|0x0000000089e00000, 0x0000000089e00000, 0x0000000089f00000|  0%| F|  |TAMS 0x0000000089e00000, 0x0000000089e00000| Untracked 
| 159|0x0000000089f00000, 0x0000000089f00000, 0x000000008a000000|  0%| F|  |TAMS 0x0000000089f00000, 0x0000000089f00000| Untracked 
| 160|0x000000008a000000, 0x000000008a000000, 0x000000008a100000|  0%| F|  |TAMS 0x000000008a000000, 0x000000008a000000| Untracked 
| 161|0x000000008a100000, 0x000000008a100000, 0x000000008a200000|  0%| F|  |TAMS 0x000000008a100000, 0x000000008a100000| Untracked 
| 162|0x000000008a200000, 0x000000008a200000, 0x000000008a300000|  0%| F|  |TAMS 0x000000008a200000, 0x000000008a200000| Untracked 
| 163|0x000000008a300000, 0x000000008a300000, 0x000000008a400000|  0%| F|  |TAMS 0x000000008a300000, 0x000000008a300000| Untracked 
| 164|0x000000008a400000, 0x000000008a400000, 0x000000008a500000|  0%| F|  |TAMS 0x000000008a400000, 0x000000008a400000| Untracked 
| 165|0x000000008a500000, 0x000000008a500000, 0x000000008a600000|  0%| F|  |TAMS 0x000000008a500000, 0x000000008a500000| Untracked 
| 166|0x000000008a600000, 0x000000008a600000, 0x000000008a700000|  0%| F|  |TAMS 0x000000008a600000, 0x000000008a600000| Untracked 
| 167|0x000000008a700000, 0x000000008a800000, 0x000000008a800000|100%| E|  |TAMS 0x000000008a700000, 0x000000008a700000| Complete 
| 168|0x000000008a800000, 0x000000008a900000, 0x000000008a900000|100%| E|CS|TAMS 0x000000008a800000, 0x000000008a800000| Complete 
| 169|0x000000008a900000, 0x000000008aa00000, 0x000000008aa00000|100%| E|CS|TAMS 0x000000008a900000, 0x000000008a900000| Complete 
| 170|0x000000008aa00000, 0x000000008ab00000, 0x000000008ab00000|100%| E|CS|TAMS 0x000000008aa00000, 0x000000008aa00000| Complete 
| 171|0x000000008ab00000, 0x000000008ac00000, 0x000000008ac00000|100%| E|CS|TAMS 0x000000008ab00000, 0x000000008ab00000| Complete 
| 172|0x000000008ac00000, 0x000000008ad00000, 0x000000008ad00000|100%| E|CS|TAMS 0x000000008ac00000, 0x000000008ac00000| Complete 
| 173|0x000000008ad00000, 0x000000008ae00000, 0x000000008ae00000|100%| E|CS|TAMS 0x000000008ad00000, 0x000000008ad00000| Complete 
| 174|0x000000008ae00000, 0x000000008af00000, 0x000000008af00000|100%| E|CS|TAMS 0x000000008ae00000, 0x000000008ae00000| Complete 
| 175|0x000000008af00000, 0x000000008b000000, 0x000000008b000000|100%| E|CS|TAMS 0x000000008af00000, 0x000000008af00000| Complete 
| 176|0x000000008b000000, 0x000000008b100000, 0x000000008b100000|100%| E|CS|TAMS 0x000000008b000000, 0x000000008b000000| Complete 
| 177|0x000000008b100000, 0x000000008b200000, 0x000000008b200000|100%| E|CS|TAMS 0x000000008b100000, 0x000000008b100000| Complete 
| 178|0x000000008b200000, 0x000000008b300000, 0x000000008b300000|100%| E|CS|TAMS 0x000000008b200000, 0x000000008b200000| Complete 
| 179|0x000000008b300000, 0x000000008b400000, 0x000000008b400000|100%| E|CS|TAMS 0x000000008b300000, 0x000000008b300000| Complete 
| 180|0x000000008b400000, 0x000000008b500000, 0x000000008b500000|100%| E|CS|TAMS 0x000000008b400000, 0x000000008b400000| Complete 
| 181|0x000000008b500000, 0x000000008b600000, 0x000000008b600000|100%| E|CS|TAMS 0x000000008b500000, 0x000000008b500000| Complete 
| 182|0x000000008b600000, 0x000000008b700000, 0x000000008b700000|100%| E|CS|TAMS 0x000000008b600000, 0x000000008b600000| Complete 
| 183|0x000000008b700000, 0x000000008b800000, 0x000000008b800000|100%| E|CS|TAMS 0x000000008b700000, 0x000000008b700000| Complete 
| 184|0x000000008b800000, 0x000000008b900000, 0x000000008b900000|100%| E|CS|TAMS 0x000000008b800000, 0x000000008b800000| Complete 
| 185|0x000000008b900000, 0x000000008ba00000, 0x000000008ba00000|100%| E|CS|TAMS 0x000000008b900000, 0x000000008b900000| Complete 
| 186|0x000000008ba00000, 0x000000008bb00000, 0x000000008bb00000|100%| E|CS|TAMS 0x000000008ba00000, 0x000000008ba00000| Complete 
| 187|0x000000008bb00000, 0x000000008bc00000, 0x000000008bc00000|100%| E|CS|TAMS 0x000000008bb00000, 0x000000008bb00000| Complete 
| 188|0x000000008bc00000, 0x000000008bd00000, 0x000000008bd00000|100%| E|CS|TAMS 0x000000008bc00000, 0x000000008bc00000| Complete 
| 189|0x000000008bd00000, 0x000000008be00000, 0x000000008be00000|100%| E|CS|TAMS 0x000000008bd00000, 0x000000008bd00000| Complete 
| 190|0x000000008be00000, 0x000000008be75d58, 0x000000008bf00000| 46%| S|CS|TAMS 0x000000008be00000, 0x000000008be00000| Complete 
| 191|0x000000008bf00000, 0x000000008c000000, 0x000000008c000000|100%| S|CS|TAMS 0x000000008bf00000, 0x000000008bf00000| Complete 
| 192|0x000000008c000000, 0x000000008c100000, 0x000000008c100000|100%| S|CS|TAMS 0x000000008c000000, 0x000000008c000000| Complete 
| 193|0x000000008c100000, 0x000000008c200000, 0x000000008c200000|100%| S|CS|TAMS 0x000000008c100000, 0x000000008c100000| Complete 
| 194|0x000000008c200000, 0x000000008c300000, 0x000000008c300000|100%| S|CS|TAMS 0x000000008c200000, 0x000000008c200000| Complete 
| 195|0x000000008c300000, 0x000000008c400000, 0x000000008c400000|100%| S|CS|TAMS 0x000000008c300000, 0x000000008c300000| Complete 
| 196|0x000000008c400000, 0x000000008c500000, 0x000000008c500000|100%| S|CS|TAMS 0x000000008c400000, 0x000000008c400000| Complete 
| 197|0x000000008c500000, 0x000000008c600000, 0x000000008c600000|100%| S|CS|TAMS 0x000000008c500000, 0x000000008c500000| Complete 
| 198|0x000000008c600000, 0x000000008c700000, 0x000000008c700000|100%| S|CS|TAMS 0x000000008c600000, 0x000000008c600000| Complete 
| 199|0x000000008c700000, 0x000000008c800000, 0x000000008c800000|100%| S|CS|TAMS 0x000000008c700000, 0x000000008c700000| Complete 
| 200|0x000000008c800000, 0x000000008c900000, 0x000000008c900000|100%| S|CS|TAMS 0x000000008c800000, 0x000000008c800000| Complete 
| 201|0x000000008c900000, 0x000000008ca00000, 0x000000008ca00000|100%| S|CS|TAMS 0x000000008c900000, 0x000000008c900000| Complete 
| 202|0x000000008ca00000, 0x000000008cb00000, 0x000000008cb00000|100%| S|CS|TAMS 0x000000008ca00000, 0x000000008ca00000| Complete 
| 203|0x000000008cb00000, 0x000000008cc00000, 0x000000008cc00000|100%| E|CS|TAMS 0x000000008cb00000, 0x000000008cb00000| Complete 
| 204|0x000000008cc00000, 0x000000008cd00000, 0x000000008cd00000|100%| E|CS|TAMS 0x000000008cc00000, 0x000000008cc00000| Complete 
| 205|0x000000008cd00000, 0x000000008ce00000, 0x000000008ce00000|100%| E|CS|TAMS 0x000000008cd00000, 0x000000008cd00000| Complete 
| 206|0x000000008ce00000, 0x000000008cf00000, 0x000000008cf00000|100%| E|CS|TAMS 0x000000008ce00000, 0x000000008ce00000| Complete 
| 207|0x000000008cf00000, 0x000000008d000000, 0x000000008d000000|100%| E|CS|TAMS 0x000000008cf00000, 0x000000008cf00000| Complete 
| 208|0x000000008d000000, 0x000000008d100000, 0x000000008d100000|100%| E|CS|TAMS 0x000000008d000000, 0x000000008d000000| Complete 
| 209|0x000000008d100000, 0x000000008d200000, 0x000000008d200000|100%| E|CS|TAMS 0x000000008d100000, 0x000000008d100000| Complete 
| 210|0x000000008d200000, 0x000000008d300000, 0x000000008d300000|100%| E|CS|TAMS 0x000000008d200000, 0x000000008d200000| Complete 
| 211|0x000000008d300000, 0x000000008d400000, 0x000000008d400000|100%| E|CS|TAMS 0x000000008d300000, 0x000000008d300000| Complete 
| 212|0x000000008d400000, 0x000000008d500000, 0x000000008d500000|100%| E|CS|TAMS 0x000000008d400000, 0x000000008d400000| Complete 
| 213|0x000000008d500000, 0x000000008d600000, 0x000000008d600000|100%| E|CS|TAMS 0x000000008d500000, 0x000000008d500000| Complete 
| 214|0x000000008d600000, 0x000000008d700000, 0x000000008d700000|100%| E|CS|TAMS 0x000000008d600000, 0x000000008d600000| Complete 
| 215|0x000000008d700000, 0x000000008d800000, 0x000000008d800000|100%| E|CS|TAMS 0x000000008d700000, 0x000000008d700000| Complete 
| 216|0x000000008d800000, 0x000000008d900000, 0x000000008d900000|100%| E|CS|TAMS 0x000000008d800000, 0x000000008d800000| Complete 
| 217|0x000000008d900000, 0x000000008da00000, 0x000000008da00000|100%| E|CS|TAMS 0x000000008d900000, 0x000000008d900000| Complete 
| 218|0x000000008da00000, 0x000000008db00000, 0x000000008db00000|100%| E|CS|TAMS 0x000000008da00000, 0x000000008da00000| Complete 
| 219|0x000000008db00000, 0x000000008dc00000, 0x000000008dc00000|100%| E|CS|TAMS 0x000000008db00000, 0x000000008db00000| Complete 
| 220|0x000000008dc00000, 0x000000008dd00000, 0x000000008dd00000|100%| E|CS|TAMS 0x000000008dc00000, 0x000000008dc00000| Complete 
| 221|0x000000008dd00000, 0x000000008de00000, 0x000000008de00000|100%| E|CS|TAMS 0x000000008dd00000, 0x000000008dd00000| Complete 
| 222|0x000000008de00000, 0x000000008df00000, 0x000000008df00000|100%| E|CS|TAMS 0x000000008de00000, 0x000000008de00000| Complete 
| 223|0x000000008df00000, 0x000000008e000000, 0x000000008e000000|100%| E|CS|TAMS 0x000000008df00000, 0x000000008df00000| Complete 
| 224|0x000000008e000000, 0x000000008e100000, 0x000000008e100000|100%| E|CS|TAMS 0x000000008e000000, 0x000000008e000000| Complete 
| 225|0x000000008e100000, 0x000000008e200000, 0x000000008e200000|100%| E|CS|TAMS 0x000000008e100000, 0x000000008e100000| Complete 
| 226|0x000000008e200000, 0x000000008e300000, 0x000000008e300000|100%| E|CS|TAMS 0x000000008e200000, 0x000000008e200000| Complete 
| 227|0x000000008e300000, 0x000000008e400000, 0x000000008e400000|100%| E|CS|TAMS 0x000000008e300000, 0x000000008e300000| Complete 
| 228|0x000000008e400000, 0x000000008e500000, 0x000000008e500000|100%| E|CS|TAMS 0x000000008e400000, 0x000000008e400000| Complete 
| 229|0x000000008e500000, 0x000000008e600000, 0x000000008e600000|100%| E|CS|TAMS 0x000000008e500000, 0x000000008e500000| Complete 
| 230|0x000000008e600000, 0x000000008e700000, 0x000000008e700000|100%| E|CS|TAMS 0x000000008e600000, 0x000000008e600000| Complete 
| 231|0x000000008e700000, 0x000000008e800000, 0x000000008e800000|100%| E|CS|TAMS 0x000000008e700000, 0x000000008e700000| Complete 
| 232|0x000000008e800000, 0x000000008e900000, 0x000000008e900000|100%| E|CS|TAMS 0x000000008e800000, 0x000000008e800000| Complete 
| 233|0x000000008e900000, 0x000000008ea00000, 0x000000008ea00000|100%| E|CS|TAMS 0x000000008e900000, 0x000000008e900000| Complete 
| 234|0x000000008ea00000, 0x000000008eb00000, 0x000000008eb00000|100%| E|CS|TAMS 0x000000008ea00000, 0x000000008ea00000| Complete 
| 235|0x000000008eb00000, 0x000000008ec00000, 0x000000008ec00000|100%| E|CS|TAMS 0x000000008eb00000, 0x000000008eb00000| Complete 
| 236|0x000000008ec00000, 0x000000008ed00000, 0x000000008ed00000|100%| E|CS|TAMS 0x000000008ec00000, 0x000000008ec00000| Complete 
| 237|0x000000008ed00000, 0x000000008ee00000, 0x000000008ee00000|100%| E|  |TAMS 0x000000008ed00000, 0x000000008ed00000| Complete 
| 238|0x000000008ee00000, 0x000000008ef00000, 0x000000008ef00000|100%| E|CS|TAMS 0x000000008ee00000, 0x000000008ee00000| Complete 
| 239|0x000000008ef00000, 0x000000008f000000, 0x000000008f000000|100%| E|CS|TAMS 0x000000008ef00000, 0x000000008ef00000| Complete 
| 240|0x000000008f000000, 0x000000008f100000, 0x000000008f100000|100%| E|CS|TAMS 0x000000008f000000, 0x000000008f000000| Complete 
| 241|0x000000008f100000, 0x000000008f200000, 0x000000008f200000|100%| E|CS|TAMS 0x000000008f100000, 0x000000008f100000| Complete 
| 242|0x000000008f200000, 0x000000008f300000, 0x000000008f300000|100%| E|CS|TAMS 0x000000008f200000, 0x000000008f200000| Complete 
| 243|0x000000008f300000, 0x000000008f400000, 0x000000008f400000|100%| E|CS|TAMS 0x000000008f300000, 0x000000008f300000| Complete 
| 244|0x000000008f400000, 0x000000008f500000, 0x000000008f500000|100%| E|CS|TAMS 0x000000008f400000, 0x000000008f400000| Complete 
| 245|0x000000008f500000, 0x000000008f600000, 0x000000008f600000|100%| E|CS|TAMS 0x000000008f500000, 0x000000008f500000| Complete 
| 246|0x000000008f600000, 0x000000008f700000, 0x000000008f700000|100%| E|CS|TAMS 0x000000008f600000, 0x000000008f600000| Complete 
| 247|0x000000008f700000, 0x000000008f800000, 0x000000008f800000|100%| E|CS|TAMS 0x000000008f700000, 0x000000008f700000| Complete 
| 248|0x000000008f800000, 0x000000008f900000, 0x000000008f900000|100%| E|CS|TAMS 0x000000008f800000, 0x000000008f800000| Complete 
| 249|0x000000008f900000, 0x000000008fa00000, 0x000000008fa00000|100%| E|CS|TAMS 0x000000008f900000, 0x000000008f900000| Complete 
| 250|0x000000008fa00000, 0x000000008fb00000, 0x000000008fb00000|100%| E|CS|TAMS 0x000000008fa00000, 0x000000008fa00000| Complete 
| 251|0x000000008fb00000, 0x000000008fc00000, 0x000000008fc00000|100%| E|CS|TAMS 0x000000008fb00000, 0x000000008fb00000| Complete 
| 252|0x000000008fc00000, 0x000000008fd00000, 0x000000008fd00000|100%| E|CS|TAMS 0x000000008fc00000, 0x000000008fc00000| Complete 
| 253|0x000000008fd00000, 0x000000008fe00000, 0x000000008fe00000|100%| E|CS|TAMS 0x000000008fd00000, 0x000000008fd00000| Complete 
| 254|0x000000008fe00000, 0x000000008ff00000, 0x000000008ff00000|100%| E|CS|TAMS 0x000000008fe00000, 0x000000008fe00000| Complete 
| 255|0x000000008ff00000, 0x0000000090000000, 0x0000000090000000|100%| E|CS|TAMS 0x000000008ff00000, 0x000000008ff00000| Complete 
| 256|0x0000000090000000, 0x0000000090100000, 0x0000000090100000|100%| E|CS|TAMS 0x0000000090000000, 0x0000000090000000| Complete 
| 257|0x0000000090100000, 0x0000000090200000, 0x0000000090200000|100%| E|CS|TAMS 0x0000000090100000, 0x0000000090100000| Complete 
| 258|0x0000000090200000, 0x0000000090300000, 0x0000000090300000|100%| E|CS|TAMS 0x0000000090200000, 0x0000000090200000| Complete 
| 259|0x0000000090300000, 0x0000000090400000, 0x0000000090400000|100%| E|CS|TAMS 0x0000000090300000, 0x0000000090300000| Complete 
| 260|0x0000000090400000, 0x0000000090500000, 0x0000000090500000|100%| E|CS|TAMS 0x0000000090400000, 0x0000000090400000| Complete 
| 261|0x0000000090500000, 0x0000000090600000, 0x0000000090600000|100%| E|CS|TAMS 0x0000000090500000, 0x0000000090500000| Complete 
| 262|0x0000000090600000, 0x0000000090700000, 0x0000000090700000|100%| E|CS|TAMS 0x0000000090600000, 0x0000000090600000| Complete 
| 263|0x0000000090700000, 0x0000000090800000, 0x0000000090800000|100%| E|CS|TAMS 0x0000000090700000, 0x0000000090700000| Complete 
| 264|0x0000000090800000, 0x0000000090900000, 0x0000000090900000|100%| E|CS|TAMS 0x0000000090800000, 0x0000000090800000| Complete 
| 265|0x0000000090900000, 0x0000000090a00000, 0x0000000090a00000|100%| E|CS|TAMS 0x0000000090900000, 0x0000000090900000| Complete 
| 266|0x0000000090a00000, 0x0000000090b00000, 0x0000000090b00000|100%| E|CS|TAMS 0x0000000090a00000, 0x0000000090a00000| Complete 
| 267|0x0000000090b00000, 0x0000000090c00000, 0x0000000090c00000|100%| E|CS|TAMS 0x0000000090b00000, 0x0000000090b00000| Complete 
| 268|0x0000000090c00000, 0x0000000090d00000, 0x0000000090d00000|100%| E|CS|TAMS 0x0000000090c00000, 0x0000000090c00000| Complete 
| 269|0x0000000090d00000, 0x0000000090e00000, 0x0000000090e00000|100%| E|CS|TAMS 0x0000000090d00000, 0x0000000090d00000| Complete 
| 270|0x0000000090e00000, 0x0000000090f00000, 0x0000000090f00000|100%| E|CS|TAMS 0x0000000090e00000, 0x0000000090e00000| Complete 
| 271|0x0000000090f00000, 0x0000000091000000, 0x0000000091000000|100%| E|CS|TAMS 0x0000000090f00000, 0x0000000090f00000| Complete 
| 272|0x0000000091000000, 0x0000000091100000, 0x0000000091100000|100%| E|CS|TAMS 0x0000000091000000, 0x0000000091000000| Complete 
| 273|0x0000000091100000, 0x0000000091200000, 0x0000000091200000|100%| E|CS|TAMS 0x0000000091100000, 0x0000000091100000| Complete 
| 274|0x0000000091200000, 0x0000000091300000, 0x0000000091300000|100%| E|CS|TAMS 0x0000000091200000, 0x0000000091200000| Complete 
| 275|0x0000000091300000, 0x0000000091400000, 0x0000000091400000|100%| E|CS|TAMS 0x0000000091300000, 0x0000000091300000| Complete 
| 276|0x0000000091400000, 0x0000000091500000, 0x0000000091500000|100%| E|CS|TAMS 0x0000000091400000, 0x0000000091400000| Complete 
| 277|0x0000000091500000, 0x0000000091600000, 0x0000000091600000|100%| E|CS|TAMS 0x0000000091500000, 0x0000000091500000| Complete 
| 278|0x0000000091600000, 0x0000000091700000, 0x0000000091700000|100%| E|CS|TAMS 0x0000000091600000, 0x0000000091600000| Complete 
| 279|0x0000000091700000, 0x0000000091800000, 0x0000000091800000|100%| E|CS|TAMS 0x0000000091700000, 0x0000000091700000| Complete 
| 280|0x0000000091800000, 0x0000000091900000, 0x0000000091900000|100%| E|CS|TAMS 0x0000000091800000, 0x0000000091800000| Complete 
| 281|0x0000000091900000, 0x0000000091a00000, 0x0000000091a00000|100%| E|CS|TAMS 0x0000000091900000, 0x0000000091900000| Complete 
| 282|0x0000000091a00000, 0x0000000091b00000, 0x0000000091b00000|100%| E|CS|TAMS 0x0000000091a00000, 0x0000000091a00000| Complete 
| 283|0x0000000091b00000, 0x0000000091c00000, 0x0000000091c00000|100%| E|CS|TAMS 0x0000000091b00000, 0x0000000091b00000| Complete 
| 284|0x0000000091c00000, 0x0000000091d00000, 0x0000000091d00000|100%| E|CS|TAMS 0x0000000091c00000, 0x0000000091c00000| Complete 
| 285|0x0000000091d00000, 0x0000000091e00000, 0x0000000091e00000|100%| E|CS|TAMS 0x0000000091d00000, 0x0000000091d00000| Complete 
| 286|0x0000000091e00000, 0x0000000091f00000, 0x0000000091f00000|100%| E|CS|TAMS 0x0000000091e00000, 0x0000000091e00000| Complete 
| 287|0x0000000091f00000, 0x0000000092000000, 0x0000000092000000|100%| E|CS|TAMS 0x0000000091f00000, 0x0000000091f00000| Complete 
| 288|0x0000000092000000, 0x0000000092100000, 0x0000000092100000|100%| E|CS|TAMS 0x0000000092000000, 0x0000000092000000| Complete 
| 289|0x0000000092100000, 0x0000000092200000, 0x0000000092200000|100%| E|CS|TAMS 0x0000000092100000, 0x0000000092100000| Complete 
| 290|0x0000000092200000, 0x0000000092300000, 0x0000000092300000|100%| E|CS|TAMS 0x0000000092200000, 0x0000000092200000| Complete 
| 291|0x0000000092300000, 0x0000000092400000, 0x0000000092400000|100%| E|CS|TAMS 0x0000000092300000, 0x0000000092300000| Complete 
| 292|0x0000000092400000, 0x0000000092500000, 0x0000000092500000|100%| E|CS|TAMS 0x0000000092400000, 0x0000000092400000| Complete 
| 293|0x0000000092500000, 0x0000000092600000, 0x0000000092600000|100%| E|CS|TAMS 0x0000000092500000, 0x0000000092500000| Complete 
| 294|0x0000000092600000, 0x0000000092700000, 0x0000000092700000|100%| E|CS|TAMS 0x0000000092600000, 0x0000000092600000| Complete 
| 295|0x0000000092700000, 0x0000000092800000, 0x0000000092800000|100%| E|CS|TAMS 0x0000000092700000, 0x0000000092700000| Complete 
| 296|0x0000000092800000, 0x0000000092900000, 0x0000000092900000|100%| E|CS|TAMS 0x0000000092800000, 0x0000000092800000| Complete 
| 297|0x0000000092900000, 0x0000000092a00000, 0x0000000092a00000|100%| E|CS|TAMS 0x0000000092900000, 0x0000000092900000| Complete 
| 298|0x0000000092a00000, 0x0000000092b00000, 0x0000000092b00000|100%| E|CS|TAMS 0x0000000092a00000, 0x0000000092a00000| Complete 
| 299|0x0000000092b00000, 0x0000000092c00000, 0x0000000092c00000|100%| E|CS|TAMS 0x0000000092b00000, 0x0000000092b00000| Complete 
| 300|0x0000000092c00000, 0x0000000092d00000, 0x0000000092d00000|100%| E|CS|TAMS 0x0000000092c00000, 0x0000000092c00000| Complete 
| 301|0x0000000092d00000, 0x0000000092e00000, 0x0000000092e00000|100%| E|CS|TAMS 0x0000000092d00000, 0x0000000092d00000| Complete 
| 302|0x0000000092e00000, 0x0000000092f00000, 0x0000000092f00000|100%| E|CS|TAMS 0x0000000092e00000, 0x0000000092e00000| Complete 
| 303|0x0000000092f00000, 0x0000000093000000, 0x0000000093000000|100%| E|CS|TAMS 0x0000000092f00000, 0x0000000092f00000| Complete 
| 304|0x0000000093000000, 0x0000000093100000, 0x0000000093100000|100%| E|CS|TAMS 0x0000000093000000, 0x0000000093000000| Complete 
| 305|0x0000000093100000, 0x0000000093200000, 0x0000000093200000|100%| E|CS|TAMS 0x0000000093100000, 0x0000000093100000| Complete 
| 306|0x0000000093200000, 0x0000000093300000, 0x0000000093300000|100%| E|CS|TAMS 0x0000000093200000, 0x0000000093200000| Complete 
| 307|0x0000000093300000, 0x0000000093400000, 0x0000000093400000|100%| E|CS|TAMS 0x0000000093300000, 0x0000000093300000| Complete 
| 308|0x0000000093400000, 0x0000000093500000, 0x0000000093500000|100%| E|CS|TAMS 0x0000000093400000, 0x0000000093400000| Complete 
| 309|0x0000000093500000, 0x0000000093600000, 0x0000000093600000|100%| E|CS|TAMS 0x0000000093500000, 0x0000000093500000| Complete 
| 310|0x0000000093600000, 0x0000000093700000, 0x0000000093700000|100%| E|CS|TAMS 0x0000000093600000, 0x0000000093600000| Complete 
| 311|0x0000000093700000, 0x0000000093800000, 0x0000000093800000|100%| E|CS|TAMS 0x0000000093700000, 0x0000000093700000| Complete 
| 312|0x0000000093800000, 0x0000000093900000, 0x0000000093900000|100%| E|CS|TAMS 0x0000000093800000, 0x0000000093800000| Complete 
| 313|0x0000000093900000, 0x0000000093a00000, 0x0000000093a00000|100%| E|CS|TAMS 0x0000000093900000, 0x0000000093900000| Complete 
| 314|0x0000000093a00000, 0x0000000093b00000, 0x0000000093b00000|100%| E|CS|TAMS 0x0000000093a00000, 0x0000000093a00000| Complete 
| 315|0x0000000093b00000, 0x0000000093c00000, 0x0000000093c00000|100%| E|CS|TAMS 0x0000000093b00000, 0x0000000093b00000| Complete 
| 316|0x0000000093c00000, 0x0000000093d00000, 0x0000000093d00000|100%| E|CS|TAMS 0x0000000093c00000, 0x0000000093c00000| Complete 
| 317|0x0000000093d00000, 0x0000000093e00000, 0x0000000093e00000|100%| E|CS|TAMS 0x0000000093d00000, 0x0000000093d00000| Complete 

Card table byte_map: [0x0000012f27770000,0x0000012f27b70000] _byte_map_base: 0x0000012f27370000

Marking Bits (Prev, Next): (CMBitMap*) 0x0000012f145753f8, (CMBitMap*) 0x0000012f14575430
 Prev Bits: [0x0000012f27f70000, 0x0000012f29f70000)
 Next Bits: [0x0000012f29f70000, 0x0000012f2bf70000)

Polling page: 0x0000012f13d10000

Metaspace:

Usage:
  Non-class:     46.05 MB capacity,    45.24 MB ( 98%) used,   687.77 KB (  1%) free+waste,   141.56 KB ( <1%) overhead. 
      Class:      7.13 MB capacity,     6.63 MB ( 93%) used,   452.35 KB (  6%) free+waste,    67.56 KB ( <1%) overhead. 
       Both:     53.18 MB capacity,    51.87 MB ( 98%) used,     1.11 MB (  2%) free+waste,   209.13 KB ( <1%) overhead. 

Virtual space:
  Non-class space:       48.00 MB reserved,      46.25 MB ( 96%) committed 
      Class space:        1.00 GB reserved,       7.25 MB ( <1%) committed 
             Both:        1.05 GB reserved,      53.50 MB (  5%) committed 

Chunk freelists:
   Non-Class:  14.00 KB
       Class:  22.00 KB
        Both:  36.00 KB

MaxMetaspaceSize: 17179869184.00 GB
CompressedClassSpaceSize: 1.00 GB
Initial GC threshold: 20.80 MB
Current GC threshold: 58.54 MB
CDS: off

CodeHeap 'non-profiled nmethods': size=120000Kb used=3204Kb max_used=3204Kb free=116795Kb
 bounds [0x0000012f1fb10000, 0x0000012f1fe40000, 0x0000012f27040000]
CodeHeap 'profiled nmethods': size=120000Kb used=11449Kb max_used=11449Kb free=108550Kb
 bounds [0x0000012f185e0000, 0x0000012f19110000, 0x0000012f1fb10000]
CodeHeap 'non-nmethods': size=5760Kb used=2305Kb max_used=2353Kb free=3454Kb
 bounds [0x0000012f18040000, 0x0000012f182b0000, 0x0000012f185e0000]
 total_blobs=6358 nmethods=5555 adapters=715
 compilation: enabled
              stopped_count=0, restarted_count=0
 full_count=0

Compilation events (20 events):
Event: 11.573 Thread 0x0000012f2f2ce800 5506       3       sun.util.locale.StringTokenIterator::setStart (62 bytes)
Event: 11.573 Thread 0x0000012f2f2ce800 nmethod 5506 0x0000012f190df110 code [0x0000012f190df300, 0x0000012f190df708]
Event: 11.573 Thread 0x0000012f2f2ce800 5524       3       sun.util.locale.BaseLocale::equals (71 bytes)
Event: 11.573 Thread 0x0000012f2f2ce800 nmethod 5524 0x0000012f190df910 code [0x0000012f190dfae0, 0x0000012f190dff78]
Event: 11.574 Thread 0x0000012f2f2ce800 5525       3       java.util.Locale::stripExtensions (20 bytes)
Event: 11.574 Thread 0x0000012f2f2ce800 nmethod 5525 0x0000012f190e0090 code [0x0000012f190e0260, 0x0000012f190e04c8]
Event: 11.574 Thread 0x0000012f2f2ce800 5507       3       sun.util.locale.LanguageTag::parseLanguage (55 bytes)
Event: 11.574 Thread 0x0000012f2f2ce800 nmethod 5507 0x0000012f190e0590 code [0x0000012f190e07a0, 0x0000012f190e0dd8]
Event: 11.574 Thread 0x0000012f2f2ce800 5508       3       sun.util.locale.LanguageTag::parseExtlangs (114 bytes)
Event: 11.575 Thread 0x0000012f2f2ce800 nmethod 5508 0x0000012f190e1010 code [0x0000012f190e1280, 0x0000012f190e1cf8]
Event: 11.575 Thread 0x0000012f2f2ce800 5509       3       sun.util.locale.LanguageTag::parseScript (55 bytes)
Event: 11.575 Thread 0x0000012f2f2ce800 nmethod 5509 0x0000012f190e2010 code [0x0000012f190e2220, 0x0000012f190e27f8]
Event: 11.575 Thread 0x0000012f2f2ce800 5510       3       sun.util.locale.LanguageTag::parseRegion (55 bytes)
Event: 11.575 Thread 0x0000012f2f2ce800 nmethod 5510 0x0000012f190e2a10 code [0x0000012f190e2c00, 0x0000012f190e2fd8]
Event: 11.575 Thread 0x0000012f2f2ce800 5512       3       sun.util.locale.LanguageTag::parseExtensions (208 bytes)
Event: 11.576 Thread 0x0000012f2f2ca000 nmethod 5520 0x0000012f1fe2d890 code [0x0000012f1fe2da40, 0x0000012f1fe2dd18]
Event: 11.577 Thread 0x0000012f2f2ce800 nmethod 5512 0x0000012f190e3110 code [0x0000012f190e3580, 0x0000012f190e5378]
Event: 11.577 Thread 0x0000012f2f2ce800 5513       3       sun.util.locale.LanguageTag::parsePrivateuse (144 bytes)
Event: 11.578 Thread 0x0000012f2f2ce800 nmethod 5513 0x0000012f190e5e10 code [0x0000012f190e6160, 0x0000012f190e7498]
Event: 11.578 Thread 0x0000012f2f2ce800 5514       3       sun.util.locale.InternalLocaleBuilder::setLanguageTag (172 bytes)

GC Heap History (10 events):
Event: 1.005 GC heap before
{Heap before GC invocations=0 (full 0):
 garbage-first heap   total 325632K, used 29696K [0x0000000080000000, 0x0000000100000000)
  region size 1024K, 24 young (24576K), 0 survivors (0K)
 Metaspace       used 10214K, capacity 10489K, committed 10624K, reserved 1058816K
  class space    used 1069K, capacity 1139K, committed 1152K, reserved 1048576K
}
Event: 1.009 GC heap after
{Heap after GC invocations=1 (full 0):
 garbage-first heap   total 325632K, used 9654K [0x0000000080000000, 0x0000000100000000)
  region size 1024K, 3 young (3072K), 3 survivors (3072K)
 Metaspace       used 10214K, capacity 10489K, committed 10624K, reserved 1058816K
  class space    used 1069K, capacity 1139K, committed 1152K, reserved 1048576K
}
Event: 3.165 GC heap before
{Heap before GC invocations=1 (full 0):
 garbage-first heap   total 325632K, used 111030K [0x0000000080000000, 0x0000000100000000)
  region size 1024K, 103 young (105472K), 3 survivors (3072K)
 Metaspace       used 20678K, capacity 21137K, committed 21248K, reserved 1067008K
  class space    used 2544K, capacity 2712K, committed 2816K, reserved 1048576K
}
Event: 3.174 GC heap after
{Heap after GC invocations=2 (full 0):
 garbage-first heap   total 325632K, used 16728K [0x0000000080000000, 0x0000000100000000)
  region size 1024K, 10 young (10240K), 10 survivors (10240K)
 Metaspace       used 20678K, capacity 21137K, committed 21248K, reserved 1067008K
  class space    used 2544K, capacity 2712K, committed 2816K, reserved 1048576K
}
Event: 4.068 GC heap before
{Heap before GC invocations=3 (full 0):
 garbage-first heap   total 325632K, used 79192K [0x0000000080000000, 0x0000000100000000)
  region size 1024K, 71 young (72704K), 10 survivors (10240K)
 Metaspace       used 27098K, capacity 27788K, committed 27904K, reserved 1073152K
  class space    used 3545K, capacity 3769K, committed 3840K, reserved 1048576K
}
Event: 4.077 GC heap after
{Heap after GC invocations=4 (full 0):
 garbage-first heap   total 325632K, used 19296K [0x0000000080000000, 0x0000000100000000)
  region size 1024K, 3 young (3072K), 3 survivors (3072K)
 Metaspace       used 27098K, capacity 27788K, committed 27904K, reserved 1073152K
  class space    used 3545K, capacity 3769K, committed 3840K, reserved 1048576K
}
Event: 4.849 GC heap before
{Heap before GC invocations=4 (full 0):
 garbage-first heap   total 325632K, used 68448K [0x0000000080000000, 0x0000000100000000)
  region size 1024K, 52 young (53248K), 3 survivors (3072K)
 Metaspace       used 34918K, capacity 35714K, committed 35840K, reserved 1081344K
  class space    used 4534K, capacity 4839K, committed 4864K, reserved 1048576K
}
Event: 4.859 GC heap after
{Heap after GC invocations=5 (full 0):
 garbage-first heap   total 325632K, used 21808K [0x0000000080000000, 0x0000000100000000)
  region size 1024K, 6 young (6144K), 6 survivors (6144K)
 Metaspace       used 34918K, capacity 35714K, committed 35840K, reserved 1081344K
  class space    used 4534K, capacity 4839K, committed 4864K, reserved 1048576K
}
Event: 7.263 GC heap before
{Heap before GC invocations=6 (full 0):
 garbage-first heap   total 325632K, used 136496K [0x0000000080000000, 0x0000000100000000)
  region size 1024K, 115 young (117760K), 6 survivors (6144K)
 Metaspace       used 44342K, capacity 45427K, committed 45568K, reserved 1089536K
  class space    used 5680K, capacity 6059K, committed 6144K, reserved 1048576K
}
Event: 7.276 GC heap after
{Heap after GC invocations=7 (full 0):
 garbage-first heap   total 325632K, used 29237K [0x0000000080000000, 0x0000000100000000)
  region size 1024K, 13 young (13312K), 13 survivors (13312K)
 Metaspace       used 44342K, capacity 45427K, committed 45568K, reserved 1089536K
  class space    used 5680K, capacity 6059K, committed 6144K, reserved 1048576K
}

Deoptimization events (20 events):
Event: 10.062 Thread 0x0000012f31583800 DEOPT PACKING pc=0x0000012f19043984 sp=0x0000001c1eff1960
Event: 10.062 Thread 0x0000012f31583800 DEOPT UNPACKING pc=0x0000012f1808a95e sp=0x0000001c1eff0f38 mode 0
Event: 10.118 Thread 0x0000012f31583800 DEOPT PACKING pc=0x0000012f19043984 sp=0x0000001c1eff1960
Event: 10.118 Thread 0x0000012f31583800 DEOPT UNPACKING pc=0x0000012f1808a95e sp=0x0000001c1eff0f38 mode 0
Event: 10.700 Thread 0x0000012f31583800 Uncommon trap: trap_request=0xffffffc6 fr.pc=0x0000012f1fc373f8 relative=0x0000000000000218
Event: 10.700 Thread 0x0000012f31583800 Uncommon trap: reason=bimorphic_or_optimized_type_check action=maybe_recompile pc=0x0000012f1fc373f8 method=com.google.common.base.CharMatcher.indexIn(Ljava/lang/CharSequence;I)I @ 31 c2
Event: 10.700 Thread 0x0000012f31583800 DEOPT PACKING pc=0x0000012f1fc373f8 sp=0x0000001c1eff81a0
Event: 10.700 Thread 0x0000012f31583800 DEOPT UNPACKING pc=0x0000012f1808a1af sp=0x0000001c1eff8148 mode 2
Event: 10.704 Thread 0x0000012f31583800 Uncommon trap: trap_request=0xffffff4d fr.pc=0x0000012f1fb6d4b8 relative=0x0000000000000558
Event: 10.704 Thread 0x0000012f31583800 Uncommon trap: reason=unstable_if action=reinterpret pc=0x0000012f1fb6d4b8 method=java.util.jar.Manifest$FastInputStream.readLine([BII)I @ 130 c2
Event: 10.704 Thread 0x0000012f31583800 DEOPT PACKING pc=0x0000012f1fb6d4b8 sp=0x0000001c1eff79b0
Event: 10.704 Thread 0x0000012f31583800 DEOPT UNPACKING pc=0x0000012f1808a1af sp=0x0000001c1eff7940 mode 2
Event: 11.329 Thread 0x0000012f31583800 Uncommon trap: trap_request=0xffffff45 fr.pc=0x0000012f1fcd7480 relative=0x0000000000000d60
Event: 11.329 Thread 0x0000012f31583800 Uncommon trap: reason=unstable_fused_if action=reinterpret pc=0x0000012f1fcd7480 method=org.objectweb.asm.ByteVector.putUTF8(Ljava/lang/String;)Lorg/objectweb/asm/ByteVector; @ 93 c2
Event: 11.329 Thread 0x0000012f31583800 DEOPT PACKING pc=0x0000012f1fcd7480 sp=0x0000001c1eff7cd0
Event: 11.329 Thread 0x0000012f31583800 DEOPT UNPACKING pc=0x0000012f1808a1af sp=0x0000001c1eff7c28 mode 2
Event: 11.373 Thread 0x0000012f31583800 Uncommon trap: trap_request=0xffffff45 fr.pc=0x0000012f1fc55e74 relative=0x0000000000000214
Event: 11.373 Thread 0x0000012f31583800 Uncommon trap: reason=unstable_fused_if action=reinterpret pc=0x0000012f1fc55e74 method=org.objectweb.asm.ByteVector.putUTF8(Ljava/lang/String;)Lorg/objectweb/asm/ByteVector; @ 93 c2
Event: 11.373 Thread 0x0000012f31583800 DEOPT PACKING pc=0x0000012f1fc55e74 sp=0x0000001c1eff7ff0
Event: 11.373 Thread 0x0000012f31583800 DEOPT UNPACKING pc=0x0000012f1808a1af sp=0x0000001c1eff7f70 mode 2

Classes redefined (0 events):
No events

Internal exceptions (20 events):
Event: 10.529 Thread 0x0000012f31583800 Exception <a 'java/lang/ClassNotFoundException'{0x000000008d45fa48}: org/gradle/api/DefaultTaskCustomizer> (0x000000008d45fa48) thrown at [./src/hotspot/share/classfile/systemDictionary.cpp, line 231]
Event: 10.532 Thread 0x0000012f31583800 Exception <a 'java/lang/ClassNotFoundException'{0x000000008d4e2220}: org/gradle/api/internal/ConventionTaskCustomizer> (0x000000008d4e2220) thrown at [./src/hotspot/share/classfile/systemDictionary.cpp, line 231]
Event: 10.534 Thread 0x0000012f31583800 Exception <a 'java/lang/ClassNotFoundException'{0x000000008d31bc90}: org/gradle/api/tasks/DeleteCustomizer> (0x000000008d31bc90) thrown at [./src/hotspot/share/classfile/systemDictionary.cpp, line 231]
Event: 10.536 Thread 0x0000012f31583800 Exception <a 'java/lang/ClassNotFoundException'{0x000000008d35bbd8}: org/gradle/api/tasks/Delete_DecoratedCustomizer> (0x000000008d35bbd8) thrown at [./src/hotspot/share/classfile/systemDictionary.cpp, line 231]
Event: 10.598 Thread 0x0000012f31583800 Exception <a 'java/lang/NoSuchMethodError'{0x000000008d26ffa0}: 'long java.lang.invoke.DirectMethodHandle$Holder.invokeVirtual(java.lang.Object, java.lang.Object)'> (0x000000008d26ffa0) thrown at [./src/hotspot/share/interpreter/linkResolver.cpp, line 773]
Event: 10.606 Thread 0x0000012f31b6b800 Exception <a 'java/lang/NoSuchMethodError'{0x0000000093d89f68}: <clinit>> (0x0000000093d89f68) thrown at [./src/hotspot/share/prims/jni.cpp, line 1365]
Event: 10.649 Thread 0x0000012f31b6b800 Exception <a 'java/lang/NoSuchMethodError'{0x0000000093da7210}: <clinit>> (0x0000000093da7210) thrown at [./src/hotspot/share/prims/jni.cpp, line 1365]
Event: 10.649 Thread 0x0000012f31b6b800 Exception <a 'java/lang/NoSuchMethodError'{0x0000000093da8320}: <clinit>> (0x0000000093da8320) thrown at [./src/hotspot/share/prims/jni.cpp, line 1365]
Event: 10.649 Thread 0x0000012f31b6b800 Exception <a 'java/lang/NoSuchMethodError'{0x000000008d100b38}: <clinit>> (0x000000008d100b38) thrown at [./src/hotspot/share/prims/jni.cpp, line 1365]
Event: 10.649 Thread 0x0000012f31b6b800 Exception <a 'java/lang/NoSuchMethodError'{0x000000008d101b58}: <clinit>> (0x000000008d101b58) thrown at [./src/hotspot/share/prims/jni.cpp, line 1365]
Event: 10.651 Thread 0x0000012f31b6b800 Exception <a 'java/lang/NoSuchMethodError'{0x000000008d113c30}: <clinit>> (0x000000008d113c30) thrown at [./src/hotspot/share/prims/jni.cpp, line 1365]
Event: 10.652 Thread 0x0000012f31b6b800 Exception <a 'java/lang/NoSuchMethodError'{0x000000008d11df58}: <clinit>> (0x000000008d11df58) thrown at [./src/hotspot/share/prims/jni.cpp, line 1365]
Event: 10.679 Thread 0x0000012f31b6b800 Exception <a 'java/lang/NoSuchMethodError'{0x000000008d131918}: <clinit>> (0x000000008d131918) thrown at [./src/hotspot/share/prims/jni.cpp, line 1365]
Event: 10.697 Thread 0x0000012f31583800 Exception <a 'java/lang/ClassNotFoundException'{0x000000008d183788}: build_dlpeyvkan8u4cp515yr4epm3yBeanInfo> (0x000000008d183788) thrown at [./src/hotspot/share/classfile/systemDictionary.cpp, line 231]
Event: 10.697 Thread 0x0000012f31583800 Exception <a 'java/lang/ClassNotFoundException'{0x000000008d18e740}: build_dlpeyvkan8u4cp515yr4epm3yCustomizer> (0x000000008d18e740) thrown at [./src/hotspot/share/classfile/systemDictionary.cpp, line 231]
Event: 10.759 Thread 0x0000012f31583800 Exception <a 'java/lang/ClassNotFoundException'{0x000000008cf1abf0}: org/gradle/api/internal/plugins/DefaultObjectConfigurationActionBeanInfo> (0x000000008cf1abf0) thrown at [./src/hotspot/share/classfile/systemDictionary.cpp, line 231]
Event: 10.759 Thread 0x0000012f31583800 Exception <a 'java/lang/ClassNotFoundException'{0x000000008cf4fdb8}: org/gradle/api/internal/plugins/DefaultObjectConfigurationActionCustomizer> (0x000000008cf4fdb8) thrown at [./src/hotspot/share/classfile/systemDictionary.cpp, line 231]
Event: 11.322 Thread 0x0000012f31583800 Exception <a 'java/lang/NoSuchMethodError'{0x000000008b8bb850}: 'java.lang.Object java.lang.invoke.DirectMethodHandle$Holder.invokeStatic(java.lang.Object, java.lang.Object, java.lang.Object, java.lang.Object, int)'> (0x000000008b8bb850) thrown at [./src/hotspot/share/interpreter/linkResolver.cpp, line 773]
Event: 11.322 Thread 0x0000012f31583800 Exception <a 'java/lang/NoSuchMethodError'{0x000000008b8c0248}: 'java.lang.Object java.lang.invoke.DirectMethodHandle$Holder.invokeSpecial(java.lang.Object, java.lang.Object, java.lang.Object, java.lang.Object, java.lang.Object, int)'> (0x000000008b8c0248) thrown at [./src/hotspot/share/interpreter/linkResolver.cpp, line 773]
Event: 11.322 Thread 0x0000012f31583800 Exception <a 'java/lang/NoSuchMethodError'{0x000000008b8c4888}: 'java.lang.Object java.lang.invoke.Invokers$Holder.linkToTargetMethod(java.lang.Object, java.lang.Object, java.lang.Object, int, java.lang.Object)'> (0x000000008b8c4888) thrown at [./src/hotspot/share/interpreter/linkResolver.cpp, line 773]

Events (20 events):
Event: 11.574 loading class sun/text/resources/cldr/FormatData_en done
Event: 11.574 loading class sun/text/resources/cldr/FormatData_en_US
Event: 11.574 loading class sun/text/resources/cldr/FormatData_en_US done
Event: 11.574 loading class java/text/MessageFormat
Event: 11.575 loading class java/text/MessageFormat done
Event: 11.575 loading class java/text/MessageFormat$Field
Event: 11.576 loading class java/text/MessageFormat$Field done
Event: 11.576 loading class com/google/gson/internal/PreJava9DateFormatProvider
Event: 11.576 loading class com/google/gson/internal/PreJava9DateFormatProvider done
Event: 11.577 loading class sun/reflect/generics/repository/FieldRepository
Event: 11.577 loading class sun/reflect/generics/repository/FieldRepository done
Event: 11.577 loading class com/google/gson/internal/$Gson$Types$ParameterizedTypeImpl
Event: 11.577 loading class com/google/gson/internal/$Gson$Types$ParameterizedTypeImpl done
Event: 11.578 loading class com/google/gson/internal/ConstructorConstructor$13
Event: 11.578 loading class com/google/gson/internal/ConstructorConstructor$13 done
Event: 11.579 loading class jdk/internal/reflect/UnsafeBooleanFieldAccessorImpl
Event: 11.580 loading class jdk/internal/reflect/UnsafeBooleanFieldAccessorImpl done
Event: 11.580 loading class jdk/internal/reflect/UnsafeQualifiedBooleanFieldAccessorImpl
Event: 11.580 loading class jdk/internal/reflect/UnsafeQualifiedBooleanFieldAccessorImpl done
Event: 11.580 loading class jdk/internal/reflect/UnsafeIntegerFieldAccessorImpl


Dynamic libraries:
0x00007ff7ff0d0000 - 0x00007ff7ff0da000 	C:\Program Files\Android\Android Studio\jre\bin\java.exe
0x00007ffb4a7f0000 - 0x00007ffb4a9e5000 	C:\WINDOWS\SYSTEM32\ntdll.dll
0x00007ffb488b0000 - 0x00007ffb4896e000 	C:\WINDOWS\System32\KERNEL32.dll
0x00007ffb47b90000 - 0x00007ffb47caf000 	C:\Windows\system32\hmpalert.dll
0x00007ffb47f10000 - 0x00007ffb481d8000 	C:\WINDOWS\System32\KERNELBASE.dll
0x00007ffb481e0000 - 0x00007ffb482e0000 	C:\WINDOWS\System32\ucrtbase.dll
0x00007ffb3cf10000 - 0x00007ffb3cf29000 	C:\Program Files\Android\Android Studio\jre\bin\jli.dll
0x00007ffb49bd0000 - 0x00007ffb49d70000 	C:\WINDOWS\System32\USER32.dll
0x00007ffb48650000 - 0x00007ffb48672000 	C:\WINDOWS\System32\win32u.dll
0x00007ffb49740000 - 0x00007ffb4976b000 	C:\WINDOWS\System32\GDI32.dll
0x00007ffb3c970000 - 0x00007ffb3c987000 	C:\Program Files\Android\Android Studio\jre\bin\VCRUNTIME140.dll
0x00007ffb48470000 - 0x00007ffb4857b000 	C:\WINDOWS\System32\gdi32full.dll
0x00007ffb315b0000 - 0x00007ffb3184a000 	C:\WINDOWS\WinSxS\amd64_microsoft.windows.common-controls_6595b64144ccf1df_6.0.19041.1110_none_60b5254171f9507e\COMCTL32.dll
0x00007ffb485b0000 - 0x00007ffb4864d000 	C:\WINDOWS\System32\msvcp_win.dll
0x00007ffb495a0000 - 0x00007ffb4963e000 	C:\WINDOWS\System32\msvcrt.dll
0x00007ffb49160000 - 0x00007ffb49190000 	C:\WINDOWS\System32\IMM32.DLL
0x00007ffb19310000 - 0x00007ffb193ad000 	C:\Program Files\Android\Android Studio\jre\bin\msvcp140.dll
0x00007ffae3a10000 - 0x00007ffae44f5000 	C:\Program Files\Android\Android Studio\jre\bin\server\jvm.dll
0x00007ffb49df0000 - 0x00007ffb49e9e000 	C:\WINDOWS\System32\ADVAPI32.dll
0x00007ffb49640000 - 0x00007ffb496dc000 	C:\WINDOWS\System32\sechost.dll
0x00007ffb48bc0000 - 0x00007ffb48ce5000 	C:\WINDOWS\System32\RPCRT4.dll
0x00007ffb49eb0000 - 0x00007ffb49eb8000 	C:\WINDOWS\System32\PSAPI.DLL
0x00007ffb21730000 - 0x00007ffb21757000 	C:\WINDOWS\SYSTEM32\WINMM.dll
0x00007ffb427c0000 - 0x00007ffb427ca000 	C:\WINDOWS\SYSTEM32\VERSION.dll
0x00007ffb415e0000 - 0x00007ffb415e9000 	C:\WINDOWS\SYSTEM32\WSOCK32.dll
0x00007ffb49ff0000 - 0x00007ffb4a05b000 	C:\WINDOWS\System32\WS2_32.dll
0x00007ffb45d00000 - 0x00007ffb45d12000 	C:\WINDOWS\SYSTEM32\kernel.appcore.dll
0x00007ffb43f10000 - 0x00007ffb43f21000 	C:\Program Files\Android\Android Studio\jre\bin\verify.dll
0x00007ffb3b3c0000 - 0x00007ffb3b5a4000 	C:\WINDOWS\SYSTEM32\DBGHELP.DLL
0x00007ffb31850000 - 0x00007ffb3187c000 	C:\WINDOWS\SYSTEM32\dbgcore.DLL
0x00007ffb483e0000 - 0x00007ffb48462000 	C:\WINDOWS\System32\bcryptPrimitives.dll
0x00007ffb413c0000 - 0x00007ffb413e9000 	C:\Program Files\Android\Android Studio\jre\bin\java.dll
0x00007ffb41480000 - 0x00007ffb4148b000 	C:\Program Files\Android\Android Studio\jre\bin\jimage.dll
0x00007ffb40990000 - 0x00007ffb409a8000 	C:\Program Files\Android\Android Studio\jre\bin\zip.dll
0x00007ffb4a060000 - 0x00007ffb4a7a4000 	C:\WINDOWS\System32\SHELL32.dll
0x00007ffb45f00000 - 0x00007ffb46694000 	C:\WINDOWS\SYSTEM32\windows.storage.dll
0x00007ffb49240000 - 0x00007ffb49594000 	C:\WINDOWS\System32\combase.dll
0x00007ffb47850000 - 0x00007ffb4787c000 	C:\WINDOWS\SYSTEM32\Wldp.dll
0x00007ffb49a40000 - 0x00007ffb49aed000 	C:\WINDOWS\System32\SHCORE.dll
0x00007ffb49780000 - 0x00007ffb497d5000 	C:\WINDOWS\System32\shlwapi.dll
0x00007ffb47e50000 - 0x00007ffb47e6f000 	C:\WINDOWS\SYSTEM32\profapi.dll
0x00007ffb40970000 - 0x00007ffb4098a000 	C:\Program Files\Android\Android Studio\jre\bin\net.dll
0x00007ffb3d5d0000 - 0x00007ffb3d6d9000 	C:\WINDOWS\SYSTEM32\WINHTTP.dll
0x00007ffb475b0000 - 0x00007ffb4761a000 	C:\WINDOWS\system32\mswsock.dll
0x00007ffb40420000 - 0x00007ffb40434000 	C:\Program Files\Android\Android Studio\jre\bin\nio.dll
0x00007ffb3ca90000 - 0x00007ffb3cab7000 	C:\Users\rsilverio\.gradle\native\e1d6ef7f7dcc3fd88c89a11ec53ec762bb8ba0a96d01ffa2cd45eb1d1d8dd5c5\windows-amd64\native-platform.dll
0x00007ffaeedd0000 - 0x00007ffaeef14000 	C:\Users\rsilverio\.gradle\native\5664cfc778a61ccfe75a443a1ab52a65af34e5dc3c78e0209fed803814484fcb\windows-amd64\native-platform-file-events.dll
0x00007ffb41470000 - 0x00007ffb4147a000 	C:\Program Files\Android\Android Studio\jre\bin\management.dll
0x00007ffb3f770000 - 0x00007ffb3f77d000 	C:\Program Files\Android\Android Studio\jre\bin\management_ext.dll
0x00007ffb477a0000 - 0x00007ffb477b8000 	C:\WINDOWS\SYSTEM32\CRYPTSP.dll
0x00007ffb46e60000 - 0x00007ffb46e94000 	C:\WINDOWS\system32\rsaenh.dll
0x00007ffb48580000 - 0x00007ffb485a7000 	C:\WINDOWS\System32\bcrypt.dll
0x00007ffb47dd0000 - 0x00007ffb47dfe000 	C:\WINDOWS\SYSTEM32\USERENV.dll
0x00007ffb477c0000 - 0x00007ffb477cc000 	C:\WINDOWS\SYSTEM32\CRYPTBASE.dll
0x00007ffb47250000 - 0x00007ffb4728b000 	C:\WINDOWS\SYSTEM32\IPHLPAPI.DLL
0x00007ffb49ea0000 - 0x00007ffb49ea8000 	C:\WINDOWS\System32\NSI.dll
0x00007ffb42a30000 - 0x00007ffb42a47000 	C:\WINDOWS\SYSTEM32\dhcpcsvc6.DLL
0x00007ffb429c0000 - 0x00007ffb429dd000 	C:\WINDOWS\SYSTEM32\dhcpcsvc.DLL
0x00007ffb472a0000 - 0x00007ffb4736a000 	C:\WINDOWS\SYSTEM32\DNSAPI.dll

dbghelp: loaded successfully - version: 4.0.5 - missing functions: none
symbol engine: initialized successfully - sym options: 0x614 - pdb path: .;C:\Program Files\Android\Android Studio\jre\bin;C:\WINDOWS\SYSTEM32;C:\WINDOWS\WinSxS\amd64_microsoft.windows.common-controls_6595b64144ccf1df_6.0.19041.1110_none_60b5254171f9507e;C:\Program Files\Android\Android Studio\jre\bin\server;C:\Users\rsilverio\.gradle\native\e1d6ef7f7dcc3fd88c89a11ec53ec762bb8ba0a96d01ffa2cd45eb1d1d8dd5c5\windows-amd64;C:\Users\rsilverio\.gradle\native\5664cfc778a61ccfe75a443a1ab52a65af34e5dc3c78e0209fed803814484fcb\windows-amd64

VM Arguments:
jvm_args: --add-opens=java.base/java.util=ALL-UNNAMED --add-opens=java.base/java.lang=ALL-UNNAMED --add-opens=java.base/java.lang.invoke=ALL-UNNAMED --add-opens=java.base/java.util=ALL-UNNAMED --add-opens=java.prefs/java.util.prefs=ALL-UNNAMED --add-opens=java.prefs/java.util.prefs=ALL-UNNAMED --add-opens=java.base/java.nio.charset=ALL-UNNAMED --add-opens=java.base/java.net=ALL-UNNAMED --add-opens=java.base/java.util.concurrent.atomic=ALL-UNNAMED -Xmx2048m -Dfile.encoding=UTF-8 -Duser.country=BR -Duser.language=pt -Duser.variant 
java_command: org.gradle.launcher.daemon.bootstrap.GradleDaemon 7.3.3
java_class_path (initial): C:\Users\rsilverio\.gradle\wrapper\dists\gradle-7.3.3-bin\6a41zxkdtcxs8rphpq6y0069z\gradle-7.3.3\lib\gradle-launcher-7.3.3.jar
Launcher Type: SUN_STANDARD

[Global flags]
     intx CICompilerCount                          = 4                                         {product} {ergonomic}
     uint ConcGCThreads                            = 2                                         {product} {ergonomic}
     uint G1ConcRefinementThreads                  = 8                                         {product} {ergonomic}
   size_t G1HeapRegionSize                         = 1048576                                   {product} {ergonomic}
    uintx GCDrainStackTargetSize                   = 64                                        {product} {ergonomic}
   size_t InitialHeapSize                          = 333447168                                 {product} {ergonomic}
   size_t MarkStackSize                            = 4194304                                   {product} {ergonomic}
   size_t MaxHeapSize                              = 2147483648                                {product} {command line}
   size_t MaxNewSize                               = 1287651328                                {product} {ergonomic}
   size_t MinHeapDeltaBytes                        = 1048576                                   {product} {ergonomic}
    uintx NonNMethodCodeHeapSize                   = 5836300                                {pd product} {ergonomic}
    uintx NonProfiledCodeHeapSize                  = 122910970                              {pd product} {ergonomic}
    uintx ProfiledCodeHeapSize                     = 122910970                              {pd product} {ergonomic}
    uintx ReservedCodeCacheSize                    = 251658240                              {pd product} {ergonomic}
     bool SegmentedCodeCache                       = true                                      {product} {ergonomic}
     bool UseCompressedClassPointers               = true                                 {lp64_product} {ergonomic}
     bool UseCompressedOops                        = true                                 {lp64_product} {ergonomic}
     bool UseG1GC                                  = true                                      {product} {ergonomic}
     bool UseLargePagesIndividualAllocation        = false                                  {pd product} {ergonomic}

Logging:
Log output configuration:
 #0: stdout all=warning uptime,level,tags
 #1: stderr all=off uptime,level,tags

Environment Variables:
JAVA_HOME=C:\Program Files\Java\jdk-18.0.1
PATH=C:\Program Files\Common Files\Oracle\Java\javapath;C:\WINDOWS\system32;C:\WINDOWS;C:\WINDOWS\System32\Wbem;C:\WINDOWS\System32\WindowsPowerShell\v1.0\;C:\WINDOWS\System32\OpenSSH\;C:\Program Files\Micro Focus\StarTeam Cross-Platform Client 16;C:\Program Files (x86)\Attachmate\EXTRA!\;C:\Program Files\TortoiseSVN\bin;C:\Program Files\Git\cmd;C:\Program Files\Microsoft SQL Server\Client SDK\ODBC\170\Tools\Binn\;C:\Program Files (x86)\Microsoft SQL Server\150\Tools\Binn\;C:\Program Files\Microsoft SQL Server\150\Tools\Binn\;C:\Program Files\Microsoft SQL Server\150\DTS\Binn\;C:\Program Files (x86)\Microsoft SQL Server\150\DTS\Binn\;C:\Program Files\Azure Data Studio\bin;C:\Users\rsilverio\AppData\Local\Microsoft\WindowsApps;C:\Program Files\Java\jdk-18.0.1\bin;C:\Program Files\Azure Data Studio\bin
USERNAME=rsilverio
OS=Windows_NT
PROCESSOR_IDENTIFIER=Intel64 Family 6 Model 142 Stepping 12, GenuineIntel



---------------  S Y S T E M  ---------------

OS: Windows 10 , 64 bit Build 19041 (10.0.19041.1566)
OS uptime: 47 days 18:52 hours

CPU:total 8 (initial active 8) (4 cores per cpu, 2 threads per core) family 6 model 142 stepping 12 microcode 0xea, cmov, cx8, fxsr, mmx, sse, sse2, sse3, ssse3, sse4.1, sse4.2, popcnt, avx, avx2, aes, clmul, erms, 3dnowpref, lzcnt, ht, tsc, tscinvbit, bmi1, bmi2, adx, fma

Memory: 4k page, system-wide physical 20301M (2394M free)
TotalPageFile size 50683M (AvailPageFile size 4M)
current process WorkingSet (physical memory assigned to process): 354M, peak: 354M
current process commit charge ("private bytes"): 540M, peak: 550M

vm_info: OpenJDK 64-Bit Server VM (11.0.12+7-b1504.28-7817840) for windows-amd64 JRE (11.0.12+7-b1504.28-7817840), built on Oct 13 2021 22:12:33 by "builder" with MS VC++ 14.0 (VS2015)

END.
